#
# There is insufficient memory for the Java Runtime Environment to continue.
# Native memory allocation (malloc) failed to allocate 1210016 bytes. Error detail: Chunk::new
# Possible reasons:
#   The system is out of physical RAM or swap space
#   This process is running with CompressedOops enabled, and the Java Heap may be blocking the growth of the native heap
# Possible solutions:
#   Reduce memory load on the system
#   Increase physical memory or swap space
#   Check if swap backing store is full
#   Decrease Java heap size (-Xmx/-Xms)
#   Decrease number of Java threads
#   Decrease Java thread stack sizes (-Xss)
#   Set larger code cache with -XX:ReservedCodeCacheSize=
#   JVM is running with Unscaled Compressed Oops mode in which the Java heap is
#     placed in the first 4GB address space. The Java Heap base address is the
#     maximum limit for the native heap growth. Please use -XX:HeapBaseMinAddress
#     to set the Java Heap base and to place the Java Heap above 4GB virtual address.
# This output file may be truncated or incomplete.
#
#  Out of Memory Error (arena.cpp:168), pid=10600, tid=11340
#
# JRE version: OpenJDK Runtime Environment (21.0.7) (build 21.0.7+-13880790-b1038.58)
# Java VM: OpenJDK 64-Bit Server VM (21.0.7+-13880790-b1038.58, mixed mode, tiered, compressed oops, compressed class ptrs, g1 gc, windows-amd64)
# No core dump will be written. Minidumps are not enabled by default on client versions of Windows
#

---------------  S U M M A R Y ------------

Command Line: org.jetbrains.kotlin.cli.jvm.K2JVMCompiler @C:\Users\PC-1\ChickCare-Thesis\ChickCare\app\build\20251027_3429148109418588018.compiler.options

Host: Intel(R) Core(TM) i5-6300U CPU @ 2.40GHz, 4 cores, 7G,  Windows 10 , 64 bit Build 19041 (10.0.19041.5198)
Time: Mon Oct 27 16:33:14 2025 Malay Peninsula Standard Time elapsed time: 192.022056 seconds (0d 0h 3m 12s)

---------------  T H R E A D  ---------------

Current thread (0x000001ff76c37710):  JavaThread "C2 CompilerThread0" daemon [_thread_in_native, id=11340, stack(0x000000f297300000,0x000000f297400000) (1024K)]


Current CompileTask:
C2:192022 21252       4       org.jetbrains.kotlin.codegen.optimization.temporaryVals.TemporaryValsAnalyzer::analyze (1266 bytes)

Stack: [0x000000f297300000,0x000000f297400000]
Native frames: (J=compiled Java code, j=interpreted, Vv=VM code, C=native code)
V  [jvm.dll+0x6d25c9]
V  [jvm.dll+0x860923]
V  [jvm.dll+0x862e7e]
V  [jvm.dll+0x863563]
V  [jvm.dll+0x27f156]
V  [jvm.dll+0xc002d]
V  [jvm.dll+0xc0563]
V  [jvm.dll+0x2f31f0]
V  [jvm.dll+0x5fc309]
V  [jvm.dll+0x250f82]
V  [jvm.dll+0x24977d]
V  [jvm.dll+0x24733e]
V  [jvm.dll+0x1c5fb4]
V  [jvm.dll+0x256bac]
V  [jvm.dll+0x2550f6]
V  [jvm.dll+0x3f1d16]
V  [jvm.dll+0x808d08]
V  [jvm.dll+0x6d0e1d]
C  [ucrtbase.dll+0x21bb2]
C  [KERNEL32.DLL+0x17374]
C  [ntdll.dll+0x4cc91]


---------------  P R O C E S S  ---------------

Threads class SMR info:
_java_thread_list=0x000001ff76daa300, length=11, elements={
0x000001ff5da5d520, 0x000001ff76c0c680, 0x000001ff76c25050, 0x000001ff76c27ac0,
0x000001ff76c31a40, 0x000001ff76c324a0, 0x000001ff76c32f00, 0x000001ff76c33960,
0x000001ff76c37710, 0x000001ff76caa650, 0x000001ff76dd39f0
}

Java Threads: ( => current thread )
  0x000001ff5da5d520 JavaThread "main"                              [_thread_in_Java, id=1672, stack(0x000000f296400000,0x000000f296500000) (1024K)]
  0x000001ff76c0c680 JavaThread "Common-Cleaner"             daemon [_thread_blocked, id=2460, stack(0x000000f296c00000,0x000000f296d00000) (1024K)]
  0x000001ff76c25050 JavaThread "Reference Handler"          daemon [_thread_blocked, id=12452, stack(0x000000f296d00000,0x000000f296e00000) (1024K)]
  0x000001ff76c27ac0 JavaThread "Finalizer"                  daemon [_thread_blocked, id=3152, stack(0x000000f296e00000,0x000000f296f00000) (1024K)]
  0x000001ff76c31a40 JavaThread "Signal Dispatcher"          daemon [_thread_blocked, id=6504, stack(0x000000f296f00000,0x000000f297000000) (1024K)]
  0x000001ff76c324a0 JavaThread "Attach Listener"            daemon [_thread_blocked, id=11684, stack(0x000000f297000000,0x000000f297100000) (1024K)]
  0x000001ff76c32f00 JavaThread "Service Thread"             daemon [_thread_blocked, id=13044, stack(0x000000f297100000,0x000000f297200000) (1024K)]
  0x000001ff76c33960 JavaThread "Monitor Deflation Thread"   daemon [_thread_blocked, id=1708, stack(0x000000f297200000,0x000000f297300000) (1024K)]
=>0x000001ff76c37710 JavaThread "C2 CompilerThread0"         daemon [_thread_in_native, id=11340, stack(0x000000f297300000,0x000000f297400000) (1024K)]
  0x000001ff76caa650 JavaThread "C1 CompilerThread0"         daemon [_thread_blocked, id=6588, stack(0x000000f297400000,0x000000f297500000) (1024K)]
  0x000001ff76dd39f0 JavaThread "Notification Thread"        daemon [_thread_blocked, id=10524, stack(0x000000f297500000,0x000000f297600000) (1024K)]
Total: 11

Other Threads:
  0x000001ff76aa0bc0 VMThread "VM Thread"                           [id=1364, stack(0x000000f296b00000,0x000000f296c00000) (1024K)]
  0x000001ff76a07d50 WatcherThread "VM Periodic Task Thread"        [id=12436, stack(0x000000f296a00000,0x000000f296b00000) (1024K)]
  0x000001ff5fd2fb40 WorkerThread "GC Thread#0"                     [id=4648, stack(0x000000f296500000,0x000000f296600000) (1024K)]
  0x000001ff7b33fb10 WorkerThread "GC Thread#1"                     [id=11840, stack(0x000000f297600000,0x000000f297700000) (1024K)]
  0x000001ff7b339ee0 WorkerThread "GC Thread#2"                     [id=5408, stack(0x000000f297700000,0x000000f297800000) (1024K)]
  0x000001ff7b19b710 WorkerThread "GC Thread#3"                     [id=8384, stack(0x000000f297800000,0x000000f297900000) (1024K)]
  0x000001ff5fd40dc0 ConcurrentGCThread "G1 Main Marker"            [id=9796, stack(0x000000f296600000,0x000000f296700000) (1024K)]
  0x000001ff5fd41940 WorkerThread "G1 Conc#0"                       [id=5032, stack(0x000000f296700000,0x000000f296800000) (1024K)]
  0x000001ff768da0f0 ConcurrentGCThread "G1 Refine#0"               [id=6352, stack(0x000000f296800000,0x000000f296900000) (1024K)]
  0x000001ff768dabe0 ConcurrentGCThread "G1 Service"                [id=5200, stack(0x000000f296900000,0x000000f296a00000) (1024K)]
Total: 10

Threads with active compile tasks:
C2 CompilerThread0  192122 21252       4       org.jetbrains.kotlin.codegen.optimization.temporaryVals.TemporaryValsAnalyzer::analyze (1266 bytes)
Total: 1

VM state: not at safepoint (normal execution)

VM Mutex/Monitor currently owned by a thread: None

Heap address: 0x0000000082400000, size: 2012 MB, Compressed Oops mode: 32-bit

CDS archive(s) not mapped
Compressed class space mapped at: 0x0000000100000000-0x0000000140000000, reserved size: 1073741824
Narrow klass base: 0x0000000000000000, Narrow klass shift: 3, Narrow klass range: 0x140000000

GC Precious Log:
 CardTable entry size: 512
 Card Set container configuration: InlinePtr #cards 5 size 8 Array Of Cards #cards 12 size 40 Howl #buckets 4 coarsen threshold 1843 Howl Bitmap #cards 512 size 80 coarsen threshold 460 Card regions per heap region 1 cards per card region 2048
 CPUs: 4 total, 4 available
 Memory: 8047M
 Large Page Support: Disabled
 NUMA Support: Disabled
 Compressed Oops: Enabled (32-bit)
 Heap Region Size: 1M
 Heap Min Capacity: 8M
 Heap Initial Capacity: 126M
 Heap Max Capacity: 2012M
 Pre-touch: Disabled
 Parallel Workers: 4
 Concurrent Workers: 1
 Concurrent Refinement Workers: 4
 Periodic GC: Disabled

Heap:
 garbage-first heap   total 309248K, used 253694K [0x0000000082400000, 0x0000000100000000)
  region size 1024K, 71 young (72704K), 11 survivors (11264K)
 Metaspace       used 101644K, committed 102080K, reserved 1179648K
  class space    used 10464K, committed 10624K, reserved 1048576K

Heap Regions: E=young(eden), S=young(survivor), O=old, HS=humongous(starts), HC=humongous(continues), CS=collection set, F=free, TAMS=top-at-mark-start, PB=parsable bottom
|   0|0x0000000082400000, 0x0000000082500000, 0x0000000082500000|100%|HS|  |TAMS 0x0000000082400000| PB 0x0000000082400000| Complete 
|   1|0x0000000082500000, 0x0000000082600000, 0x0000000082600000|100%|HC|  |TAMS 0x0000000082500000| PB 0x0000000082500000| Complete 
|   2|0x0000000082600000, 0x0000000082700000, 0x0000000082700000|100%|HC|  |TAMS 0x0000000082600000| PB 0x0000000082600000| Complete 
|   3|0x0000000082700000, 0x0000000082800000, 0x0000000082800000|100%|HC|  |TAMS 0x0000000082700000| PB 0x0000000082700000| Complete 
|   4|0x0000000082800000, 0x0000000082900000, 0x0000000082900000|100%| O|  |TAMS 0x0000000082800000| PB 0x0000000082800000| Untracked 
|   5|0x0000000082900000, 0x0000000082a00000, 0x0000000082a00000|100%| O|  |TAMS 0x0000000082900000| PB 0x0000000082900000| Untracked 
|   6|0x0000000082a00000, 0x0000000082b00000, 0x0000000082b00000|100%| O|  |TAMS 0x0000000082a00000| PB 0x0000000082a00000| Untracked 
|   7|0x0000000082b00000, 0x0000000082c00000, 0x0000000082c00000|100%| O|  |TAMS 0x0000000082b00000| PB 0x0000000082b00000| Untracked 
|   8|0x0000000082c00000, 0x0000000082d00000, 0x0000000082d00000|100%| O|  |TAMS 0x0000000082c00000| PB 0x0000000082c00000| Untracked 
|   9|0x0000000082d00000, 0x0000000082e00000, 0x0000000082e00000|100%| O|  |TAMS 0x0000000082d00000| PB 0x0000000082d00000| Untracked 
|  10|0x0000000082e00000, 0x0000000082f00000, 0x0000000082f00000|100%| O|  |TAMS 0x0000000082e00000| PB 0x0000000082e00000| Untracked 
|  11|0x0000000082f00000, 0x0000000083000000, 0x0000000083000000|100%| O|  |TAMS 0x0000000082f00000| PB 0x0000000082f00000| Untracked 
|  12|0x0000000083000000, 0x0000000083100000, 0x0000000083100000|100%| O|  |TAMS 0x0000000083000000| PB 0x0000000083000000| Untracked 
|  13|0x0000000083100000, 0x0000000083200000, 0x0000000083200000|100%| O|  |TAMS 0x0000000083100000| PB 0x0000000083100000| Untracked 
|  14|0x0000000083200000, 0x0000000083300000, 0x0000000083300000|100%| O|  |TAMS 0x0000000083200000| PB 0x0000000083200000| Untracked 
|  15|0x0000000083300000, 0x0000000083400000, 0x0000000083400000|100%| O|  |TAMS 0x0000000083300000| PB 0x0000000083300000| Untracked 
|  16|0x0000000083400000, 0x0000000083500000, 0x0000000083500000|100%| O|  |TAMS 0x0000000083400000| PB 0x0000000083400000| Untracked 
|  17|0x0000000083500000, 0x0000000083600000, 0x0000000083600000|100%| O|  |TAMS 0x0000000083500000| PB 0x0000000083500000| Untracked 
|  18|0x0000000083600000, 0x0000000083700000, 0x0000000083700000|100%| O|  |TAMS 0x0000000083600000| PB 0x0000000083600000| Untracked 
|  19|0x0000000083700000, 0x0000000083800000, 0x0000000083800000|100%| O|  |TAMS 0x0000000083700000| PB 0x0000000083700000| Untracked 
|  20|0x0000000083800000, 0x0000000083900000, 0x0000000083900000|100%| O|  |TAMS 0x0000000083800000| PB 0x0000000083800000| Untracked 
|  21|0x0000000083900000, 0x0000000083a00000, 0x0000000083a00000|100%| O|  |TAMS 0x0000000083900000| PB 0x0000000083900000| Untracked 
|  22|0x0000000083a00000, 0x0000000083b00000, 0x0000000083b00000|100%| O|  |TAMS 0x0000000083a00000| PB 0x0000000083a00000| Untracked 
|  23|0x0000000083b00000, 0x0000000083c00000, 0x0000000083c00000|100%| O|  |TAMS 0x0000000083b00000| PB 0x0000000083b00000| Untracked 
|  24|0x0000000083c00000, 0x0000000083d00000, 0x0000000083d00000|100%| O|  |TAMS 0x0000000083c00000| PB 0x0000000083c00000| Untracked 
|  25|0x0000000083d00000, 0x0000000083e00000, 0x0000000083e00000|100%| O|  |TAMS 0x0000000083d00000| PB 0x0000000083d00000| Untracked 
|  26|0x0000000083e00000, 0x0000000083f00000, 0x0000000083f00000|100%| O|  |TAMS 0x0000000083e00000| PB 0x0000000083e00000| Untracked 
|  27|0x0000000083f00000, 0x0000000084000000, 0x0000000084000000|100%| O|  |TAMS 0x0000000083f00000| PB 0x0000000083f00000| Untracked 
|  28|0x0000000084000000, 0x0000000084100000, 0x0000000084100000|100%| O|  |TAMS 0x0000000084000000| PB 0x0000000084000000| Untracked 
|  29|0x0000000084100000, 0x0000000084200000, 0x0000000084200000|100%| O|  |TAMS 0x0000000084100000| PB 0x0000000084100000| Untracked 
|  30|0x0000000084200000, 0x0000000084300000, 0x0000000084300000|100%| O|  |TAMS 0x0000000084200000| PB 0x0000000084200000| Untracked 
|  31|0x0000000084300000, 0x0000000084400000, 0x0000000084400000|100%| O|  |TAMS 0x0000000084300000| PB 0x0000000084300000| Untracked 
|  32|0x0000000084400000, 0x0000000084500000, 0x0000000084500000|100%| O|  |TAMS 0x0000000084400000| PB 0x0000000084400000| Untracked 
|  33|0x0000000084500000, 0x0000000084600000, 0x0000000084600000|100%| O|  |TAMS 0x0000000084500000| PB 0x0000000084500000| Untracked 
|  34|0x0000000084600000, 0x0000000084700000, 0x0000000084700000|100%| O|  |TAMS 0x0000000084600000| PB 0x0000000084600000| Untracked 
|  35|0x0000000084700000, 0x0000000084800000, 0x0000000084800000|100%| O|  |TAMS 0x0000000084700000| PB 0x0000000084700000| Untracked 
|  36|0x0000000084800000, 0x0000000084900000, 0x0000000084900000|100%| O|  |TAMS 0x0000000084800000| PB 0x0000000084800000| Untracked 
|  37|0x0000000084900000, 0x0000000084a00000, 0x0000000084a00000|100%| O|  |TAMS 0x0000000084900000| PB 0x0000000084900000| Untracked 
|  38|0x0000000084a00000, 0x0000000084b00000, 0x0000000084b00000|100%| O|  |TAMS 0x0000000084a00000| PB 0x0000000084a00000| Untracked 
|  39|0x0000000084b00000, 0x0000000084c00000, 0x0000000084c00000|100%| O|  |TAMS 0x0000000084b00000| PB 0x0000000084b00000| Untracked 
|  40|0x0000000084c00000, 0x0000000084d00000, 0x0000000084d00000|100%| O|  |TAMS 0x0000000084c00000| PB 0x0000000084c00000| Untracked 
|  41|0x0000000084d00000, 0x0000000084e00000, 0x0000000084e00000|100%| O|  |TAMS 0x0000000084d00000| PB 0x0000000084d00000| Untracked 
|  42|0x0000000084e00000, 0x0000000084f00000, 0x0000000084f00000|100%| O|  |TAMS 0x0000000084e00000| PB 0x0000000084e00000| Untracked 
|  43|0x0000000084f00000, 0x0000000085000000, 0x0000000085000000|100%| O|  |TAMS 0x0000000084f00000| PB 0x0000000084f00000| Untracked 
|  44|0x0000000085000000, 0x0000000085100000, 0x0000000085100000|100%|HS|  |TAMS 0x0000000085000000| PB 0x0000000085000000| Complete 
|  45|0x0000000085100000, 0x0000000085200000, 0x0000000085200000|100%| O|  |TAMS 0x0000000085100000| PB 0x0000000085100000| Untracked 
|  46|0x0000000085200000, 0x0000000085300000, 0x0000000085300000|100%| O|  |TAMS 0x0000000085200000| PB 0x0000000085200000| Untracked 
|  47|0x0000000085300000, 0x0000000085400000, 0x0000000085400000|100%| O|  |TAMS 0x0000000085300000| PB 0x0000000085300000| Untracked 
|  48|0x0000000085400000, 0x0000000085500000, 0x0000000085500000|100%| O|  |TAMS 0x0000000085400000| PB 0x0000000085400000| Untracked 
|  49|0x0000000085500000, 0x0000000085600000, 0x0000000085600000|100%| O|  |TAMS 0x0000000085500000| PB 0x0000000085500000| Untracked 
|  50|0x0000000085600000, 0x0000000085700000, 0x0000000085700000|100%| O|  |TAMS 0x0000000085600000| PB 0x0000000085600000| Untracked 
|  51|0x0000000085700000, 0x0000000085800000, 0x0000000085800000|100%| O|  |TAMS 0x0000000085700000| PB 0x0000000085700000| Untracked 
|  52|0x0000000085800000, 0x0000000085900000, 0x0000000085900000|100%| O|  |TAMS 0x0000000085800000| PB 0x0000000085800000| Untracked 
|  53|0x0000000085900000, 0x0000000085a00000, 0x0000000085a00000|100%| O|  |TAMS 0x0000000085900000| PB 0x0000000085900000| Untracked 
|  54|0x0000000085a00000, 0x0000000085b00000, 0x0000000085b00000|100%| O|  |TAMS 0x0000000085a00000| PB 0x0000000085a00000| Untracked 
|  55|0x0000000085b00000, 0x0000000085c00000, 0x0000000085c00000|100%| O|  |TAMS 0x0000000085b00000| PB 0x0000000085b00000| Untracked 
|  56|0x0000000085c00000, 0x0000000085d00000, 0x0000000085d00000|100%| O|  |TAMS 0x0000000085c00000| PB 0x0000000085c00000| Untracked 
|  57|0x0000000085d00000, 0x0000000085e00000, 0x0000000085e00000|100%| O|  |TAMS 0x0000000085d00000| PB 0x0000000085d00000| Untracked 
|  58|0x0000000085e00000, 0x0000000085f00000, 0x0000000085f00000|100%| O|  |TAMS 0x0000000085e00000| PB 0x0000000085e00000| Untracked 
|  59|0x0000000085f00000, 0x0000000086000000, 0x0000000086000000|100%| O|  |TAMS 0x0000000085f00000| PB 0x0000000085f00000| Untracked 
|  60|0x0000000086000000, 0x0000000086100000, 0x0000000086100000|100%| O|  |TAMS 0x0000000086000000| PB 0x0000000086000000| Untracked 
|  61|0x0000000086100000, 0x0000000086200000, 0x0000000086200000|100%| O|  |TAMS 0x0000000086100000| PB 0x0000000086100000| Untracked 
|  62|0x0000000086200000, 0x0000000086300000, 0x0000000086300000|100%| O|  |TAMS 0x0000000086200000| PB 0x0000000086200000| Untracked 
|  63|0x0000000086300000, 0x0000000086400000, 0x0000000086400000|100%| O|  |TAMS 0x0000000086300000| PB 0x0000000086300000| Untracked 
|  64|0x0000000086400000, 0x0000000086500000, 0x0000000086500000|100%| O|  |TAMS 0x0000000086400000| PB 0x0000000086400000| Untracked 
|  65|0x0000000086500000, 0x0000000086600000, 0x0000000086600000|100%| O|  |TAMS 0x0000000086500000| PB 0x0000000086500000| Untracked 
|  66|0x0000000086600000, 0x0000000086700000, 0x0000000086700000|100%| O|  |TAMS 0x0000000086600000| PB 0x0000000086600000| Untracked 
|  67|0x0000000086700000, 0x0000000086800000, 0x0000000086800000|100%| O|  |TAMS 0x0000000086700000| PB 0x0000000086700000| Untracked 
|  68|0x0000000086800000, 0x0000000086900000, 0x0000000086900000|100%| O|  |TAMS 0x0000000086800000| PB 0x0000000086800000| Untracked 
|  69|0x0000000086900000, 0x0000000086a00000, 0x0000000086a00000|100%| O|  |TAMS 0x0000000086900000| PB 0x0000000086900000| Untracked 
|  70|0x0000000086a00000, 0x0000000086b00000, 0x0000000086b00000|100%| O|  |TAMS 0x0000000086a00000| PB 0x0000000086a00000| Untracked 
|  71|0x0000000086b00000, 0x0000000086c00000, 0x0000000086c00000|100%| O|  |TAMS 0x0000000086b00000| PB 0x0000000086b00000| Untracked 
|  72|0x0000000086c00000, 0x0000000086d00000, 0x0000000086d00000|100%| O|  |TAMS 0x0000000086c00000| PB 0x0000000086c00000| Untracked 
|  73|0x0000000086d00000, 0x0000000086e00000, 0x0000000086e00000|100%| O|  |TAMS 0x0000000086d00000| PB 0x0000000086d00000| Untracked 
|  74|0x0000000086e00000, 0x0000000086f00000, 0x0000000086f00000|100%| O|  |TAMS 0x0000000086e00000| PB 0x0000000086e00000| Untracked 
|  75|0x0000000086f00000, 0x0000000087000000, 0x0000000087000000|100%| O|  |TAMS 0x0000000086f00000| PB 0x0000000086f00000| Untracked 
|  76|0x0000000087000000, 0x0000000087100000, 0x0000000087100000|100%| O|  |TAMS 0x0000000087000000| PB 0x0000000087000000| Untracked 
|  77|0x0000000087100000, 0x0000000087200000, 0x0000000087200000|100%| O|  |TAMS 0x0000000087100000| PB 0x0000000087100000| Untracked 
|  78|0x0000000087200000, 0x0000000087300000, 0x0000000087300000|100%| O|  |TAMS 0x0000000087200000| PB 0x0000000087200000| Untracked 
|  79|0x0000000087300000, 0x0000000087400000, 0x0000000087400000|100%| O|  |TAMS 0x0000000087300000| PB 0x0000000087300000| Untracked 
|  80|0x0000000087400000, 0x0000000087500000, 0x0000000087500000|100%| O|  |TAMS 0x0000000087400000| PB 0x0000000087400000| Untracked 
|  81|0x0000000087500000, 0x0000000087600000, 0x0000000087600000|100%| O|  |TAMS 0x0000000087500000| PB 0x0000000087500000| Untracked 
|  82|0x0000000087600000, 0x0000000087700000, 0x0000000087700000|100%| O|  |TAMS 0x0000000087600000| PB 0x0000000087600000| Untracked 
|  83|0x0000000087700000, 0x0000000087800000, 0x0000000087800000|100%| O|  |TAMS 0x0000000087700000| PB 0x0000000087700000| Untracked 
|  84|0x0000000087800000, 0x0000000087900000, 0x0000000087900000|100%| O|  |TAMS 0x0000000087800000| PB 0x0000000087800000| Untracked 
|  85|0x0000000087900000, 0x0000000087a00000, 0x0000000087a00000|100%| O|  |TAMS 0x0000000087900000| PB 0x0000000087900000| Untracked 
|  86|0x0000000087a00000, 0x0000000087b00000, 0x0000000087b00000|100%| O|  |TAMS 0x0000000087a00000| PB 0x0000000087a00000| Untracked 
|  87|0x0000000087b00000, 0x0000000087c00000, 0x0000000087c00000|100%| O|  |TAMS 0x0000000087b00000| PB 0x0000000087b00000| Untracked 
|  88|0x0000000087c00000, 0x0000000087d00000, 0x0000000087d00000|100%| O|  |TAMS 0x0000000087c00000| PB 0x0000000087c00000| Untracked 
|  89|0x0000000087d00000, 0x0000000087d00000, 0x0000000087e00000|  0%| F|  |TAMS 0x0000000087d00000| PB 0x0000000087d00000| Untracked 
|  90|0x0000000087e00000, 0x0000000087f00000, 0x0000000087f00000|100%| O|  |TAMS 0x0000000087e00000| PB 0x0000000087e00000| Untracked 
|  91|0x0000000087f00000, 0x0000000088000000, 0x0000000088000000|100%| O|  |TAMS 0x0000000087f00000| PB 0x0000000087f00000| Untracked 
|  92|0x0000000088000000, 0x0000000088100000, 0x0000000088100000|100%| O|  |TAMS 0x0000000088000000| PB 0x0000000088000000| Untracked 
|  93|0x0000000088100000, 0x0000000088200000, 0x0000000088200000|100%| O|  |TAMS 0x0000000088100000| PB 0x0000000088100000| Untracked 
|  94|0x0000000088200000, 0x0000000088300000, 0x0000000088300000|100%| O|  |TAMS 0x0000000088200000| PB 0x0000000088200000| Untracked 
|  95|0x0000000088300000, 0x0000000088400000, 0x0000000088400000|100%| O|  |TAMS 0x0000000088300000| PB 0x0000000088300000| Untracked 
|  96|0x0000000088400000, 0x0000000088500000, 0x0000000088500000|100%| O|  |TAMS 0x0000000088400000| PB 0x0000000088400000| Untracked 
|  97|0x0000000088500000, 0x0000000088600000, 0x0000000088600000|100%| O|  |TAMS 0x0000000088500000| PB 0x0000000088500000| Untracked 
|  98|0x0000000088600000, 0x0000000088700000, 0x0000000088700000|100%| O|  |TAMS 0x0000000088600000| PB 0x0000000088600000| Untracked 
|  99|0x0000000088700000, 0x0000000088800000, 0x0000000088800000|100%| O|  |TAMS 0x0000000088700000| PB 0x0000000088700000| Untracked 
| 100|0x0000000088800000, 0x0000000088900000, 0x0000000088900000|100%| O|  |TAMS 0x0000000088800000| PB 0x0000000088800000| Untracked 
| 101|0x0000000088900000, 0x0000000088a00000, 0x0000000088a00000|100%| O|  |TAMS 0x0000000088900000| PB 0x0000000088900000| Untracked 
| 102|0x0000000088a00000, 0x0000000088b00000, 0x0000000088b00000|100%| O|  |TAMS 0x0000000088a00000| PB 0x0000000088a00000| Untracked 
| 103|0x0000000088b00000, 0x0000000088c00000, 0x0000000088c00000|100%| O|  |TAMS 0x0000000088b00000| PB 0x0000000088b00000| Untracked 
| 104|0x0000000088c00000, 0x0000000088d00000, 0x0000000088d00000|100%| O|  |TAMS 0x0000000088c00000| PB 0x0000000088c00000| Untracked 
| 105|0x0000000088d00000, 0x0000000088e00000, 0x0000000088e00000|100%| O|  |TAMS 0x0000000088d00000| PB 0x0000000088d00000| Untracked 
| 106|0x0000000088e00000, 0x0000000088f00000, 0x0000000088f00000|100%| O|  |TAMS 0x0000000088e00000| PB 0x0000000088e00000| Untracked 
| 107|0x0000000088f00000, 0x0000000089000000, 0x0000000089000000|100%| O|  |TAMS 0x0000000088f00000| PB 0x0000000088f00000| Untracked 
| 108|0x0000000089000000, 0x0000000089100000, 0x0000000089100000|100%| O|  |TAMS 0x0000000089000000| PB 0x0000000089000000| Untracked 
| 109|0x0000000089100000, 0x0000000089200000, 0x0000000089200000|100%| O|  |TAMS 0x0000000089100000| PB 0x0000000089100000| Untracked 
| 110|0x0000000089200000, 0x0000000089300000, 0x0000000089300000|100%| O|  |TAMS 0x0000000089200000| PB 0x0000000089200000| Untracked 
| 111|0x0000000089300000, 0x0000000089400000, 0x0000000089400000|100%| O|  |TAMS 0x0000000089300000| PB 0x0000000089300000| Untracked 
| 112|0x0000000089400000, 0x0000000089500000, 0x0000000089500000|100%| O|  |TAMS 0x0000000089400000| PB 0x0000000089400000| Untracked 
| 113|0x0000000089500000, 0x0000000089600000, 0x0000000089600000|100%| O|  |TAMS 0x0000000089500000| PB 0x0000000089500000| Untracked 
| 114|0x0000000089600000, 0x0000000089700000, 0x0000000089700000|100%| O|  |TAMS 0x0000000089600000| PB 0x0000000089600000| Untracked 
| 115|0x0000000089700000, 0x0000000089800000, 0x0000000089800000|100%| O|  |TAMS 0x0000000089700000| PB 0x0000000089700000| Untracked 
| 116|0x0000000089800000, 0x0000000089900000, 0x0000000089900000|100%| O|  |TAMS 0x0000000089800000| PB 0x0000000089800000| Untracked 
| 117|0x0000000089900000, 0x0000000089a00000, 0x0000000089a00000|100%| O|  |TAMS 0x0000000089900000| PB 0x0000000089900000| Untracked 
| 118|0x0000000089a00000, 0x0000000089b00000, 0x0000000089b00000|100%| O|  |TAMS 0x0000000089a00000| PB 0x0000000089a00000| Untracked 
| 119|0x0000000089b00000, 0x0000000089c00000, 0x0000000089c00000|100%| O|  |TAMS 0x0000000089b00000| PB 0x0000000089b00000| Untracked 
| 120|0x0000000089c00000, 0x0000000089d00000, 0x0000000089d00000|100%| O|  |TAMS 0x0000000089c00000| PB 0x0000000089c00000| Untracked 
| 121|0x0000000089d00000, 0x0000000089e00000, 0x0000000089e00000|100%| O|  |TAMS 0x0000000089d00000| PB 0x0000000089d00000| Untracked 
| 122|0x0000000089e00000, 0x0000000089f00000, 0x0000000089f00000|100%| O|  |TAMS 0x0000000089e00000| PB 0x0000000089e00000| Untracked 
| 123|0x0000000089f00000, 0x000000008a000000, 0x000000008a000000|100%| O|  |TAMS 0x0000000089f00000| PB 0x0000000089f00000| Untracked 
| 124|0x000000008a000000, 0x000000008a100000, 0x000000008a100000|100%| O|  |TAMS 0x000000008a000000| PB 0x000000008a000000| Untracked 
| 125|0x000000008a100000, 0x000000008a200000, 0x000000008a200000|100%| O|  |TAMS 0x000000008a100000| PB 0x000000008a100000| Untracked 
| 126|0x000000008a200000, 0x000000008a300000, 0x000000008a300000|100%| O|  |TAMS 0x000000008a200000| PB 0x000000008a200000| Untracked 
| 127|0x000000008a300000, 0x000000008a400000, 0x000000008a400000|100%| O|  |TAMS 0x000000008a300000| PB 0x000000008a300000| Untracked 
| 128|0x000000008a400000, 0x000000008a500000, 0x000000008a500000|100%| O|  |TAMS 0x000000008a400000| PB 0x000000008a400000| Untracked 
| 129|0x000000008a500000, 0x000000008a500000, 0x000000008a600000|  0%| F|  |TAMS 0x000000008a500000| PB 0x000000008a500000| Untracked 
| 130|0x000000008a600000, 0x000000008a700000, 0x000000008a700000|100%| O|  |TAMS 0x000000008a600000| PB 0x000000008a600000| Untracked 
| 131|0x000000008a700000, 0x000000008a800000, 0x000000008a800000|100%| O|  |TAMS 0x000000008a700000| PB 0x000000008a700000| Untracked 
| 132|0x000000008a800000, 0x000000008a900000, 0x000000008a900000|100%| O|  |TAMS 0x000000008a800000| PB 0x000000008a800000| Untracked 
| 133|0x000000008a900000, 0x000000008aa00000, 0x000000008aa00000|100%| O|  |TAMS 0x000000008a900000| PB 0x000000008a900000| Untracked 
| 134|0x000000008aa00000, 0x000000008ab00000, 0x000000008ab00000|100%| O|  |TAMS 0x000000008aa00000| PB 0x000000008aa00000| Untracked 
| 135|0x000000008ab00000, 0x000000008ac00000, 0x000000008ac00000|100%| O|  |TAMS 0x000000008ab00000| PB 0x000000008ab00000| Untracked 
| 136|0x000000008ac00000, 0x000000008ac00000, 0x000000008ad00000|  0%| F|  |TAMS 0x000000008ac00000| PB 0x000000008ac00000| Untracked 
| 137|0x000000008ad00000, 0x000000008ae00000, 0x000000008ae00000|100%| O|  |TAMS 0x000000008ad00000| PB 0x000000008ad00000| Untracked 
| 138|0x000000008ae00000, 0x000000008af00000, 0x000000008af00000|100%| O|  |TAMS 0x000000008ae00000| PB 0x000000008ae00000| Untracked 
| 139|0x000000008af00000, 0x000000008b000000, 0x000000008b000000|100%| O|  |TAMS 0x000000008af00000| PB 0x000000008af00000| Untracked 
| 140|0x000000008b000000, 0x000000008b100000, 0x000000008b100000|100%| O|  |TAMS 0x000000008b000000| PB 0x000000008b000000| Untracked 
| 141|0x000000008b100000, 0x000000008b200000, 0x000000008b200000|100%| O|  |TAMS 0x000000008b100000| PB 0x000000008b100000| Untracked 
| 142|0x000000008b200000, 0x000000008b300000, 0x000000008b300000|100%| O|  |TAMS 0x000000008b200000| PB 0x000000008b200000| Untracked 
| 143|0x000000008b300000, 0x000000008b400000, 0x000000008b400000|100%| O|  |TAMS 0x000000008b300000| PB 0x000000008b300000| Untracked 
| 144|0x000000008b400000, 0x000000008b500000, 0x000000008b500000|100%| O|  |TAMS 0x000000008b400000| PB 0x000000008b400000| Untracked 
| 145|0x000000008b500000, 0x000000008b600000, 0x000000008b600000|100%| O|  |TAMS 0x000000008b500000| PB 0x000000008b500000| Untracked 
| 146|0x000000008b600000, 0x000000008b700000, 0x000000008b700000|100%| O|  |TAMS 0x000000008b600000| PB 0x000000008b600000| Untracked 
| 147|0x000000008b700000, 0x000000008b800000, 0x000000008b800000|100%| O|  |TAMS 0x000000008b700000| PB 0x000000008b700000| Untracked 
| 148|0x000000008b800000, 0x000000008b900000, 0x000000008b900000|100%| O|  |TAMS 0x000000008b800000| PB 0x000000008b800000| Untracked 
| 149|0x000000008b900000, 0x000000008ba00000, 0x000000008ba00000|100%| O|  |TAMS 0x000000008b900000| PB 0x000000008b900000| Untracked 
| 150|0x000000008ba00000, 0x000000008bb00000, 0x000000008bb00000|100%| O|  |TAMS 0x000000008ba00000| PB 0x000000008ba00000| Untracked 
| 151|0x000000008bb00000, 0x000000008bc00000, 0x000000008bc00000|100%| O|  |TAMS 0x000000008bb00000| PB 0x000000008bb00000| Untracked 
| 152|0x000000008bc00000, 0x000000008bd00000, 0x000000008bd00000|100%| O|  |TAMS 0x000000008bc00000| PB 0x000000008bc00000| Untracked 
| 153|0x000000008bd00000, 0x000000008be00000, 0x000000008be00000|100%| O|  |TAMS 0x000000008bd00000| PB 0x000000008bd00000| Untracked 
| 154|0x000000008be00000, 0x000000008bf00000, 0x000000008bf00000|100%| O|  |TAMS 0x000000008be00000| PB 0x000000008be00000| Untracked 
| 155|0x000000008bf00000, 0x000000008c000000, 0x000000008c000000|100%| O|  |TAMS 0x000000008bf00000| PB 0x000000008bf00000| Untracked 
| 156|0x000000008c000000, 0x000000008c100000, 0x000000008c100000|100%| O|  |TAMS 0x000000008c000000| PB 0x000000008c000000| Untracked 
| 157|0x000000008c100000, 0x000000008c200000, 0x000000008c200000|100%| O|  |TAMS 0x000000008c100000| PB 0x000000008c100000| Untracked 
| 158|0x000000008c200000, 0x000000008c300000, 0x000000008c300000|100%| O|  |TAMS 0x000000008c200000| PB 0x000000008c200000| Untracked 
| 159|0x000000008c300000, 0x000000008c400000, 0x000000008c400000|100%| O|  |TAMS 0x000000008c300000| PB 0x000000008c300000| Untracked 
| 160|0x000000008c400000, 0x000000008c500000, 0x000000008c500000|100%| O|  |TAMS 0x000000008c400000| PB 0x000000008c400000| Untracked 
| 161|0x000000008c500000, 0x000000008c500000, 0x000000008c600000|  0%| F|  |TAMS 0x000000008c500000| PB 0x000000008c500000| Untracked 
| 162|0x000000008c600000, 0x000000008c600000, 0x000000008c700000|  0%| F|  |TAMS 0x000000008c600000| PB 0x000000008c600000| Untracked 
| 163|0x000000008c700000, 0x000000008c800000, 0x000000008c800000|100%| O|  |TAMS 0x000000008c700000| PB 0x000000008c700000| Untracked 
| 164|0x000000008c800000, 0x000000008c900000, 0x000000008c900000|100%| O|  |TAMS 0x000000008c800000| PB 0x000000008c800000| Untracked 
| 165|0x000000008c900000, 0x000000008ca00000, 0x000000008ca00000|100%| O|  |TAMS 0x000000008c900000| PB 0x000000008c900000| Untracked 
| 166|0x000000008ca00000, 0x000000008cb00000, 0x000000008cb00000|100%| O|  |TAMS 0x000000008ca00000| PB 0x000000008ca00000| Untracked 
| 167|0x000000008cb00000, 0x000000008cc00000, 0x000000008cc00000|100%| O|  |TAMS 0x000000008cb00000| PB 0x000000008cb00000| Untracked 
| 168|0x000000008cc00000, 0x000000008cd00000, 0x000000008cd00000|100%| O|  |TAMS 0x000000008cc00000| PB 0x000000008cc00000| Untracked 
| 169|0x000000008cd00000, 0x000000008ce00000, 0x000000008ce00000|100%| O|  |TAMS 0x000000008cd00000| PB 0x000000008cd00000| Untracked 
| 170|0x000000008ce00000, 0x000000008cf00000, 0x000000008cf00000|100%| O|  |TAMS 0x000000008ce00000| PB 0x000000008ce00000| Untracked 
| 171|0x000000008cf00000, 0x000000008d000000, 0x000000008d000000|100%| O|  |TAMS 0x000000008cf00000| PB 0x000000008cf00000| Untracked 
| 172|0x000000008d000000, 0x000000008d100000, 0x000000008d100000|100%| O|  |TAMS 0x000000008d000000| PB 0x000000008d000000| Untracked 
| 173|0x000000008d100000, 0x000000008d200000, 0x000000008d200000|100%| O|  |TAMS 0x000000008d100000| PB 0x000000008d100000| Untracked 
| 174|0x000000008d200000, 0x000000008d300000, 0x000000008d300000|100%| O|  |TAMS 0x000000008d200000| PB 0x000000008d200000| Untracked 
| 175|0x000000008d300000, 0x000000008d400000, 0x000000008d400000|100%| O|  |TAMS 0x000000008d300000| PB 0x000000008d300000| Untracked 
| 176|0x000000008d400000, 0x000000008d500000, 0x000000008d500000|100%| O|  |TAMS 0x000000008d400000| PB 0x000000008d400000| Untracked 
| 177|0x000000008d500000, 0x000000008d600000, 0x000000008d600000|100%| O|  |TAMS 0x000000008d500000| PB 0x000000008d500000| Untracked 
| 178|0x000000008d600000, 0x000000008d700000, 0x000000008d700000|100%| O|  |TAMS 0x000000008d600000| PB 0x000000008d600000| Untracked 
| 179|0x000000008d700000, 0x000000008d800000, 0x000000008d800000|100%| O|  |TAMS 0x000000008d700000| PB 0x000000008d700000| Untracked 
| 180|0x000000008d800000, 0x000000008d8bf9a0, 0x000000008d900000| 74%| O|  |TAMS 0x000000008d800000| PB 0x000000008d800000| Untracked 
| 181|0x000000008d900000, 0x000000008d900000, 0x000000008da00000|  0%| F|  |TAMS 0x000000008d900000| PB 0x000000008d900000| Untracked 
| 182|0x000000008da00000, 0x000000008da00000, 0x000000008db00000|  0%| F|  |TAMS 0x000000008da00000| PB 0x000000008da00000| Untracked 
| 183|0x000000008db00000, 0x000000008db00000, 0x000000008dc00000|  0%| F|  |TAMS 0x000000008db00000| PB 0x000000008db00000| Untracked 
| 184|0x000000008dc00000, 0x000000008dc00000, 0x000000008dd00000|  0%| F|  |TAMS 0x000000008dc00000| PB 0x000000008dc00000| Untracked 
| 185|0x000000008dd00000, 0x000000008dd00000, 0x000000008de00000|  0%| F|  |TAMS 0x000000008dd00000| PB 0x000000008dd00000| Untracked 
| 186|0x000000008de00000, 0x000000008de00000, 0x000000008df00000|  0%| F|  |TAMS 0x000000008de00000| PB 0x000000008de00000| Untracked 
| 187|0x000000008df00000, 0x000000008df00000, 0x000000008e000000|  0%| F|  |TAMS 0x000000008df00000| PB 0x000000008df00000| Untracked 
| 188|0x000000008e000000, 0x000000008e000000, 0x000000008e100000|  0%| F|  |TAMS 0x000000008e000000| PB 0x000000008e000000| Untracked 
| 189|0x000000008e100000, 0x000000008e100000, 0x000000008e200000|  0%| F|  |TAMS 0x000000008e100000| PB 0x000000008e100000| Untracked 
| 190|0x000000008e200000, 0x000000008e200000, 0x000000008e300000|  0%| F|  |TAMS 0x000000008e200000| PB 0x000000008e200000| Untracked 
| 191|0x000000008e300000, 0x000000008e300000, 0x000000008e400000|  0%| F|  |TAMS 0x000000008e300000| PB 0x000000008e300000| Untracked 
| 192|0x000000008e400000, 0x000000008e500000, 0x000000008e500000|100%| S|CS|TAMS 0x000000008e400000| PB 0x000000008e400000| Complete 
| 193|0x000000008e500000, 0x000000008e600000, 0x000000008e600000|100%| S|CS|TAMS 0x000000008e500000| PB 0x000000008e500000| Complete 
| 194|0x000000008e600000, 0x000000008e700000, 0x000000008e700000|100%| S|CS|TAMS 0x000000008e600000| PB 0x000000008e600000| Complete 
| 195|0x000000008e700000, 0x000000008e800000, 0x000000008e800000|100%| S|CS|TAMS 0x000000008e700000| PB 0x000000008e700000| Complete 
| 196|0x000000008e800000, 0x000000008e900000, 0x000000008e900000|100%| S|CS|TAMS 0x000000008e800000| PB 0x000000008e800000| Complete 
| 197|0x000000008e900000, 0x000000008ea00000, 0x000000008ea00000|100%| S|CS|TAMS 0x000000008e900000| PB 0x000000008e900000| Complete 
| 198|0x000000008ea00000, 0x000000008eb00000, 0x000000008eb00000|100%| S|CS|TAMS 0x000000008ea00000| PB 0x000000008ea00000| Complete 
| 199|0x000000008eb00000, 0x000000008ec00000, 0x000000008ec00000|100%| S|CS|TAMS 0x000000008eb00000| PB 0x000000008eb00000| Complete 
| 200|0x000000008ec00000, 0x000000008ed00000, 0x000000008ed00000|100%| S|CS|TAMS 0x000000008ec00000| PB 0x000000008ec00000| Complete 
| 201|0x000000008ed00000, 0x000000008ee00000, 0x000000008ee00000|100%| S|CS|TAMS 0x000000008ed00000| PB 0x000000008ed00000| Complete 
| 202|0x000000008ee00000, 0x000000008ef00000, 0x000000008ef00000|100%| S|CS|TAMS 0x000000008ee00000| PB 0x000000008ee00000| Complete 
| 203|0x000000008ef00000, 0x000000008ef00000, 0x000000008f000000|  0%| F|  |TAMS 0x000000008ef00000| PB 0x000000008ef00000| Untracked 
| 204|0x000000008f000000, 0x000000008f000000, 0x000000008f100000|  0%| F|  |TAMS 0x000000008f000000| PB 0x000000008f000000| Untracked 
| 205|0x000000008f100000, 0x000000008f100000, 0x000000008f200000|  0%| F|  |TAMS 0x000000008f100000| PB 0x000000008f100000| Untracked 
| 206|0x000000008f200000, 0x000000008f200000, 0x000000008f300000|  0%| F|  |TAMS 0x000000008f200000| PB 0x000000008f200000| Untracked 
| 207|0x000000008f300000, 0x000000008f300000, 0x000000008f400000|  0%| F|  |TAMS 0x000000008f300000| PB 0x000000008f300000| Untracked 
| 208|0x000000008f400000, 0x000000008f400000, 0x000000008f500000|  0%| F|  |TAMS 0x000000008f400000| PB 0x000000008f400000| Untracked 
| 209|0x000000008f500000, 0x000000008f500000, 0x000000008f600000|  0%| F|  |TAMS 0x000000008f500000| PB 0x000000008f500000| Untracked 
| 210|0x000000008f600000, 0x000000008f600000, 0x000000008f700000|  0%| F|  |TAMS 0x000000008f600000| PB 0x000000008f600000| Untracked 
| 211|0x000000008f700000, 0x000000008f700000, 0x000000008f800000|  0%| F|  |TAMS 0x000000008f700000| PB 0x000000008f700000| Untracked 
| 212|0x000000008f800000, 0x000000008f800000, 0x000000008f900000|  0%| F|  |TAMS 0x000000008f800000| PB 0x000000008f800000| Untracked 
| 213|0x000000008f900000, 0x000000008f900000, 0x000000008fa00000|  0%| F|  |TAMS 0x000000008f900000| PB 0x000000008f900000| Untracked 
| 214|0x000000008fa00000, 0x000000008fa00000, 0x000000008fb00000|  0%| F|  |TAMS 0x000000008fa00000| PB 0x000000008fa00000| Untracked 
| 215|0x000000008fb00000, 0x000000008fb00000, 0x000000008fc00000|  0%| F|  |TAMS 0x000000008fb00000| PB 0x000000008fb00000| Untracked 
| 216|0x000000008fc00000, 0x000000008fc00000, 0x000000008fd00000|  0%| F|  |TAMS 0x000000008fc00000| PB 0x000000008fc00000| Untracked 
| 217|0x000000008fd00000, 0x000000008fd00000, 0x000000008fe00000|  0%| F|  |TAMS 0x000000008fd00000| PB 0x000000008fd00000| Untracked 
| 218|0x000000008fe00000, 0x000000008fe00000, 0x000000008ff00000|  0%| F|  |TAMS 0x000000008fe00000| PB 0x000000008fe00000| Untracked 
| 219|0x000000008ff00000, 0x000000008ff00000, 0x0000000090000000|  0%| F|  |TAMS 0x000000008ff00000| PB 0x000000008ff00000| Untracked 
| 220|0x0000000090000000, 0x0000000090000000, 0x0000000090100000|  0%| F|  |TAMS 0x0000000090000000| PB 0x0000000090000000| Untracked 
| 221|0x0000000090100000, 0x0000000090100000, 0x0000000090200000|  0%| F|  |TAMS 0x0000000090100000| PB 0x0000000090100000| Untracked 
| 222|0x0000000090200000, 0x0000000090200000, 0x0000000090300000|  0%| F|  |TAMS 0x0000000090200000| PB 0x0000000090200000| Untracked 
| 223|0x0000000090300000, 0x0000000090300000, 0x0000000090400000|  0%| F|  |TAMS 0x0000000090300000| PB 0x0000000090300000| Untracked 
| 224|0x0000000090400000, 0x0000000090400000, 0x0000000090500000|  0%| F|  |TAMS 0x0000000090400000| PB 0x0000000090400000| Untracked 
| 225|0x0000000090500000, 0x0000000090500000, 0x0000000090600000|  0%| F|  |TAMS 0x0000000090500000| PB 0x0000000090500000| Untracked 
| 226|0x0000000090600000, 0x0000000090600000, 0x0000000090700000|  0%| F|  |TAMS 0x0000000090600000| PB 0x0000000090600000| Untracked 
| 227|0x0000000090700000, 0x0000000090700000, 0x0000000090800000|  0%| F|  |TAMS 0x0000000090700000| PB 0x0000000090700000| Untracked 
| 228|0x0000000090800000, 0x0000000090800000, 0x0000000090900000|  0%| F|  |TAMS 0x0000000090800000| PB 0x0000000090800000| Untracked 
| 229|0x0000000090900000, 0x0000000090900000, 0x0000000090a00000|  0%| F|  |TAMS 0x0000000090900000| PB 0x0000000090900000| Untracked 
| 230|0x0000000090a00000, 0x0000000090a00000, 0x0000000090b00000|  0%| F|  |TAMS 0x0000000090a00000| PB 0x0000000090a00000| Untracked 
| 231|0x0000000090b00000, 0x0000000090b00000, 0x0000000090c00000|  0%| F|  |TAMS 0x0000000090b00000| PB 0x0000000090b00000| Untracked 
| 232|0x0000000090c00000, 0x0000000090c00000, 0x0000000090d00000|  0%| F|  |TAMS 0x0000000090c00000| PB 0x0000000090c00000| Untracked 
| 233|0x0000000090d00000, 0x0000000090d00000, 0x0000000090e00000|  0%| F|  |TAMS 0x0000000090d00000| PB 0x0000000090d00000| Untracked 
| 234|0x0000000090e00000, 0x0000000090e00000, 0x0000000090f00000|  0%| F|  |TAMS 0x0000000090e00000| PB 0x0000000090e00000| Untracked 
| 235|0x0000000090f00000, 0x0000000090f00000, 0x0000000091000000|  0%| F|  |TAMS 0x0000000090f00000| PB 0x0000000090f00000| Untracked 
| 236|0x0000000091000000, 0x0000000091000000, 0x0000000091100000|  0%| F|  |TAMS 0x0000000091000000| PB 0x0000000091000000| Untracked 
| 237|0x0000000091100000, 0x0000000091100000, 0x0000000091200000|  0%| F|  |TAMS 0x0000000091100000| PB 0x0000000091100000| Untracked 
| 238|0x0000000091200000, 0x0000000091200000, 0x0000000091300000|  0%| F|  |TAMS 0x0000000091200000| PB 0x0000000091200000| Untracked 
| 239|0x0000000091300000, 0x0000000091380000, 0x0000000091400000| 50%| E|  |TAMS 0x0000000091300000| PB 0x0000000091300000| Complete 
| 240|0x0000000091400000, 0x0000000091500000, 0x0000000091500000|100%| E|CS|TAMS 0x0000000091400000| PB 0x0000000091400000| Complete 
| 241|0x0000000091500000, 0x0000000091600000, 0x0000000091600000|100%| E|CS|TAMS 0x0000000091500000| PB 0x0000000091500000| Complete 
| 242|0x0000000091600000, 0x0000000091700000, 0x0000000091700000|100%| E|CS|TAMS 0x0000000091600000| PB 0x0000000091600000| Complete 
| 243|0x0000000091700000, 0x0000000091800000, 0x0000000091800000|100%| E|CS|TAMS 0x0000000091700000| PB 0x0000000091700000| Complete 
| 244|0x0000000091800000, 0x0000000091900000, 0x0000000091900000|100%| E|CS|TAMS 0x0000000091800000| PB 0x0000000091800000| Complete 
| 245|0x0000000091900000, 0x0000000091a00000, 0x0000000091a00000|100%| E|CS|TAMS 0x0000000091900000| PB 0x0000000091900000| Complete 
| 246|0x0000000091a00000, 0x0000000091b00000, 0x0000000091b00000|100%| E|CS|TAMS 0x0000000091a00000| PB 0x0000000091a00000| Complete 
| 247|0x0000000091b00000, 0x0000000091c00000, 0x0000000091c00000|100%| E|CS|TAMS 0x0000000091b00000| PB 0x0000000091b00000| Complete 
| 248|0x0000000091c00000, 0x0000000091d00000, 0x0000000091d00000|100%| E|CS|TAMS 0x0000000091c00000| PB 0x0000000091c00000| Complete 
| 249|0x0000000091d00000, 0x0000000091e00000, 0x0000000091e00000|100%| E|CS|TAMS 0x0000000091d00000| PB 0x0000000091d00000| Complete 
| 250|0x0000000091e00000, 0x0000000091f00000, 0x0000000091f00000|100%| E|CS|TAMS 0x0000000091e00000| PB 0x0000000091e00000| Complete 
| 251|0x0000000091f00000, 0x0000000092000000, 0x0000000092000000|100%| E|CS|TAMS 0x0000000091f00000| PB 0x0000000091f00000| Complete 
| 252|0x0000000092000000, 0x0000000092100000, 0x0000000092100000|100%| E|CS|TAMS 0x0000000092000000| PB 0x0000000092000000| Complete 
| 253|0x0000000092100000, 0x0000000092200000, 0x0000000092200000|100%| E|CS|TAMS 0x0000000092100000| PB 0x0000000092100000| Complete 
| 254|0x0000000092200000, 0x0000000092300000, 0x0000000092300000|100%| E|CS|TAMS 0x0000000092200000| PB 0x0000000092200000| Complete 
| 255|0x0000000092300000, 0x0000000092400000, 0x0000000092400000|100%| E|CS|TAMS 0x0000000092300000| PB 0x0000000092300000| Complete 
| 256|0x0000000092400000, 0x0000000092500000, 0x0000000092500000|100%| E|CS|TAMS 0x0000000092400000| PB 0x0000000092400000| Complete 
| 257|0x0000000092500000, 0x0000000092600000, 0x0000000092600000|100%| E|CS|TAMS 0x0000000092500000| PB 0x0000000092500000| Complete 
| 258|0x0000000092600000, 0x0000000092700000, 0x0000000092700000|100%| E|CS|TAMS 0x0000000092600000| PB 0x0000000092600000| Complete 
| 259|0x0000000092700000, 0x0000000092800000, 0x0000000092800000|100%| E|CS|TAMS 0x0000000092700000| PB 0x0000000092700000| Complete 
| 260|0x0000000092800000, 0x0000000092900000, 0x0000000092900000|100%| E|CS|TAMS 0x0000000092800000| PB 0x0000000092800000| Complete 
| 261|0x0000000092900000, 0x0000000092a00000, 0x0000000092a00000|100%| E|CS|TAMS 0x0000000092900000| PB 0x0000000092900000| Complete 
| 262|0x0000000092a00000, 0x0000000092b00000, 0x0000000092b00000|100%| E|CS|TAMS 0x0000000092a00000| PB 0x0000000092a00000| Complete 
| 263|0x0000000092b00000, 0x0000000092c00000, 0x0000000092c00000|100%| E|CS|TAMS 0x0000000092b00000| PB 0x0000000092b00000| Complete 
| 264|0x0000000092c00000, 0x0000000092d00000, 0x0000000092d00000|100%| E|CS|TAMS 0x0000000092c00000| PB 0x0000000092c00000| Complete 
| 265|0x0000000092d00000, 0x0000000092e00000, 0x0000000092e00000|100%| E|CS|TAMS 0x0000000092d00000| PB 0x0000000092d00000| Complete 
| 266|0x0000000092e00000, 0x0000000092f00000, 0x0000000092f00000|100%| E|CS|TAMS 0x0000000092e00000| PB 0x0000000092e00000| Complete 
| 267|0x0000000092f00000, 0x0000000093000000, 0x0000000093000000|100%| E|CS|TAMS 0x0000000092f00000| PB 0x0000000092f00000| Complete 
| 268|0x0000000093000000, 0x0000000093100000, 0x0000000093100000|100%| E|CS|TAMS 0x0000000093000000| PB 0x0000000093000000| Complete 
| 269|0x0000000093100000, 0x0000000093200000, 0x0000000093200000|100%| E|CS|TAMS 0x0000000093100000| PB 0x0000000093100000| Complete 
| 270|0x0000000093200000, 0x0000000093300000, 0x0000000093300000|100%| E|CS|TAMS 0x0000000093200000| PB 0x0000000093200000| Complete 
| 271|0x0000000093300000, 0x0000000093400000, 0x0000000093400000|100%| E|CS|TAMS 0x0000000093300000| PB 0x0000000093300000| Complete 
| 272|0x0000000093400000, 0x0000000093500000, 0x0000000093500000|100%| E|CS|TAMS 0x0000000093400000| PB 0x0000000093400000| Complete 
| 273|0x0000000093500000, 0x0000000093600000, 0x0000000093600000|100%| E|CS|TAMS 0x0000000093500000| PB 0x0000000093500000| Complete 
| 274|0x0000000093600000, 0x0000000093700000, 0x0000000093700000|100%| E|CS|TAMS 0x0000000093600000| PB 0x0000000093600000| Complete 
| 275|0x0000000093700000, 0x0000000093800000, 0x0000000093800000|100%| E|CS|TAMS 0x0000000093700000| PB 0x0000000093700000| Complete 
| 276|0x0000000093800000, 0x0000000093900000, 0x0000000093900000|100%| E|CS|TAMS 0x0000000093800000| PB 0x0000000093800000| Complete 
| 277|0x0000000093900000, 0x0000000093a00000, 0x0000000093a00000|100%| E|CS|TAMS 0x0000000093900000| PB 0x0000000093900000| Complete 
| 278|0x0000000093a00000, 0x0000000093b00000, 0x0000000093b00000|100%| E|CS|TAMS 0x0000000093a00000| PB 0x0000000093a00000| Complete 
| 279|0x0000000093b00000, 0x0000000093c00000, 0x0000000093c00000|100%| E|CS|TAMS 0x0000000093b00000| PB 0x0000000093b00000| Complete 
| 280|0x0000000093c00000, 0x0000000093d00000, 0x0000000093d00000|100%| E|CS|TAMS 0x0000000093c00000| PB 0x0000000093c00000| Complete 
| 281|0x0000000093d00000, 0x0000000093e00000, 0x0000000093e00000|100%| E|CS|TAMS 0x0000000093d00000| PB 0x0000000093d00000| Complete 
| 282|0x0000000093e00000, 0x0000000093f00000, 0x0000000093f00000|100%| E|CS|TAMS 0x0000000093e00000| PB 0x0000000093e00000| Complete 
| 283|0x0000000093f00000, 0x0000000094000000, 0x0000000094000000|100%| E|CS|TAMS 0x0000000093f00000| PB 0x0000000093f00000| Complete 
| 284|0x0000000094000000, 0x0000000094100000, 0x0000000094100000|100%| E|CS|TAMS 0x0000000094000000| PB 0x0000000094000000| Complete 
| 285|0x0000000094100000, 0x0000000094200000, 0x0000000094200000|100%| E|CS|TAMS 0x0000000094100000| PB 0x0000000094100000| Complete 
| 286|0x0000000094200000, 0x0000000094300000, 0x0000000094300000|100%| E|CS|TAMS 0x0000000094200000| PB 0x0000000094200000| Complete 
| 287|0x0000000094300000, 0x0000000094400000, 0x0000000094400000|100%| E|CS|TAMS 0x0000000094300000| PB 0x0000000094300000| Complete 
| 288|0x0000000094400000, 0x0000000094500000, 0x0000000094500000|100%| E|CS|TAMS 0x0000000094400000| PB 0x0000000094400000| Complete 
| 289|0x0000000094500000, 0x0000000094600000, 0x0000000094600000|100%| E|CS|TAMS 0x0000000094500000| PB 0x0000000094500000| Complete 
| 290|0x0000000094600000, 0x0000000094700000, 0x0000000094700000|100%| E|CS|TAMS 0x0000000094600000| PB 0x0000000094600000| Complete 
| 291|0x0000000094700000, 0x0000000094800000, 0x0000000094800000|100%| E|CS|TAMS 0x0000000094700000| PB 0x0000000094700000| Complete 
| 292|0x0000000094800000, 0x0000000094900000, 0x0000000094900000|100%| E|CS|TAMS 0x0000000094800000| PB 0x0000000094800000| Complete 
| 293|0x0000000094900000, 0x0000000094a00000, 0x0000000094a00000|100%| E|CS|TAMS 0x0000000094900000| PB 0x0000000094900000| Complete 
| 294|0x0000000094a00000, 0x0000000094b00000, 0x0000000094b00000|100%| E|CS|TAMS 0x0000000094a00000| PB 0x0000000094a00000| Complete 
| 295|0x0000000094b00000, 0x0000000094c00000, 0x0000000094c00000|100%| E|CS|TAMS 0x0000000094b00000| PB 0x0000000094b00000| Complete 
| 296|0x0000000094c00000, 0x0000000094d00000, 0x0000000094d00000|100%| E|CS|TAMS 0x0000000094c00000| PB 0x0000000094c00000| Complete 
| 297|0x0000000094d00000, 0x0000000094e00000, 0x0000000094e00000|100%| E|CS|TAMS 0x0000000094d00000| PB 0x0000000094d00000| Complete 
| 298|0x0000000094e00000, 0x0000000094f00000, 0x0000000094f00000|100%| E|CS|TAMS 0x0000000094e00000| PB 0x0000000094e00000| Complete 
| 299|0x0000000094f00000, 0x0000000095000000, 0x0000000095000000|100%| E|CS|TAMS 0x0000000094f00000| PB 0x0000000094f00000| Complete 
|2010|0x00000000ffe00000, 0x00000000fff00000, 0x00000000fff00000|100%| O|  |TAMS 0x00000000ffe00000| PB 0x00000000ffe00000| Untracked 
|2011|0x00000000fff00000, 0x0000000100000000, 0x0000000100000000|100%| O|  |TAMS 0x00000000fff00000| PB 0x00000000fff00000| Untracked 

Card table byte_map: [0x000001ff72230000,0x000001ff72620000] _byte_map_base: 0x000001ff71e1e000

Marking Bits: (CMBitMap*) 0x000001ff5fd30960
 Bits: [0x000001ff72620000, 0x000001ff74590000)

Polling page: 0x000001ff5f4b0000

Metaspace:

Usage:
  Non-class:     89.04 MB used.
      Class:     10.22 MB used.
       Both:     99.26 MB used.

Virtual space:
  Non-class space:      128.00 MB reserved,      89.31 MB ( 70%) committed,  2 nodes.
      Class space:        1.00 GB reserved,      10.38 MB (  1%) committed,  1 nodes.
             Both:        1.12 GB reserved,      99.69 MB (  9%) committed. 

Chunk freelists:
   Non-Class:  6.05 MB
       Class:  5.64 MB
        Both:  11.69 MB

MaxMetaspaceSize: unlimited
CompressedClassSpaceSize: 1.00 GB
Initial GC threshold: 21.00 MB
Current GC threshold: 140.94 MB
CDS: off
 - commit_granule_bytes: 65536.
 - commit_granule_words: 8192.
 - virtual_space_node_default_size: 8388608.
 - enlarge_chunks_in_place: 1.
 - use_allocation_guard: 0.


Internal statistics:

num_allocs_failed_limit: 3.
num_arena_births: 474.
num_arena_deaths: 0.
num_vsnodes_births: 3.
num_vsnodes_deaths: 0.
num_space_committed: 1594.
num_space_uncommitted: 0.
num_chunks_returned_to_freelist: 3.
num_chunks_taken_from_freelist: 3692.
num_chunk_merges: 3.
num_chunk_splits: 3088.
num_chunks_enlarged: 2788.
num_inconsistent_stats: 0.

CodeHeap 'non-profiled nmethods': size=120000Kb used=12407Kb max_used=12407Kb free=107592Kb
 bounds [0x000001ff6a910000, 0x000001ff6b530000, 0x000001ff71e40000]
CodeHeap 'profiled nmethods': size=120000Kb used=68229Kb max_used=68229Kb free=51771Kb
 bounds [0x000001ff62e40000, 0x000001ff670f0000, 0x000001ff6a370000]
CodeHeap 'non-nmethods': size=5760Kb used=1902Kb max_used=1984Kb free=3857Kb
 bounds [0x000001ff6a370000, 0x000001ff6a5e0000, 0x000001ff6a910000]
 total_blobs=18437 nmethods=17554 adapters=782
 compilation: enabled
              stopped_count=0, restarted_count=0
 full_count=0

Compilation events (20 events):
Event: 191.551 Thread 0x000001ff76c37710 nmethod 21248 0x000001ff6b524e90 code [0x000001ff6b525040, 0x000001ff6b525258]
Event: 191.551 Thread 0x000001ff76c37710 21246       4       org.jetbrains.kotlin.codegen.optimization.boxing.BoxingFrame::merge (215 bytes)
Event: 191.647 Thread 0x000001ff76c37710 nmethod 21246 0x000001ff6b525390 code [0x000001ff6b5257c0, 0x000001ff6b527530]
Event: 191.647 Thread 0x000001ff76c37710 21247       4       org.jetbrains.kotlin.codegen.optimization.common.OptimizationBasicInterpreter::naryOperation (64 bytes)
Event: 191.665 Thread 0x000001ff76c37710 nmethod 21247 0x000001ff6b528e10 code [0x000001ff6b5290a0, 0x000001ff6b529eb8]
Event: 191.698 Thread 0x000001ff76c37710 21249 %     4       org.jetbrains.kotlin.codegen.optimization.boxing.RedundantBoxingMethodTransformer::getValuesStoredOrLoadedToVariable @ 100 (252 bytes)
Event: 191.719 Thread 0x000001ff76c37710 nmethod 21249% 0x000001ff6b52a790 code [0x000001ff6b52a9c0, 0x000001ff6b52b378]
Event: 191.737 Thread 0x000001ff76c37710 21250       4       org.jetbrains.kotlin.codegen.optimization.boxing.RedundantBoxingMethodTransformer::getValuesStoredOrLoadedToVariable (252 bytes)
Event: 191.775 Thread 0x000001ff76c37710 nmethod 21250 0x000001ff6b52ba90 code [0x000001ff6b52bd40, 0x000001ff6b52cce8]
Event: 191.796 Thread 0x000001ff76c37710 21251       4       kotlin.collections.IndexingIterator::next (5 bytes)
Event: 191.799 Thread 0x000001ff76c37710 nmethod 21251 0x000001ff6b52d790 code [0x000001ff6b52d920, 0x000001ff6b52db68]
Event: 191.800 Thread 0x000001ff76c37710 21252       4       org.jetbrains.kotlin.codegen.optimization.temporaryVals.TemporaryValsAnalyzer::analyze (1266 bytes)
Event: 191.874 Thread 0x000001ff76caa650 21256       3       org.jetbrains.kotlin.codegen.optimization.LabelNormalizationMethodTransformer$TransformerForMethod::rewriteLocalVars (173 bytes)
Event: 191.875 Thread 0x000001ff76caa650 nmethod 21256 0x000001ff670d9b10 code [0x000001ff670d9ee0, 0x000001ff670db8d0]
Event: 191.907 Thread 0x000001ff76caa650 21259       3       org.jetbrains.kotlin.backend.jvm.codegen.AnnotationCodegen$Companion::getAnnotationClass (22 bytes)
Event: 191.908 Thread 0x000001ff76caa650 nmethod 21259 0x000001ff670dc310 code [0x000001ff670dc560, 0x000001ff670dccd8]
Event: 191.913 Thread 0x000001ff76caa650 21260       3       org.jetbrains.kotlin.backend.jvm.codegen.ExpressionCodegen::visitBlock (10 bytes)
Event: 191.914 Thread 0x000001ff76caa650 nmethod 21260 0x000001ff670dd010 code [0x000001ff670dd1c0, 0x000001ff670dd3d8]
Event: 191.914 Thread 0x000001ff76caa650 21261       3       org.jetbrains.kotlin.ir.expressions.IrExpressionsKt::isTransparentScope (11 bytes)
Event: 191.914 Thread 0x000001ff76caa650 nmethod 21261 0x000001ff670dd490 code [0x000001ff670dd6c0, 0x000001ff670ddd00]

GC Heap History (20 events):
Event: 104.142 GC heap before
{Heap before GC invocations=43 (full 0):
 garbage-first heap   total 193536K, used 168960K [0x0000000082400000, 0x0000000100000000)
  region size 1024K, 41 young (41984K), 6 survivors (6144K)
 Metaspace       used 70536K, committed 70784K, reserved 1114112K
  class space    used 7906K, committed 8000K, reserved 1048576K
}
Event: 104.160 GC heap after
{Heap after GC invocations=44 (full 0):
 garbage-first heap   total 193536K, used 139042K [0x0000000082400000, 0x0000000100000000)
  region size 1024K, 6 young (6144K), 6 survivors (6144K)
 Metaspace       used 70536K, committed 70784K, reserved 1114112K
  class space    used 7906K, committed 8000K, reserved 1048576K
}
Event: 110.736 GC heap before
{Heap before GC invocations=44 (full 0):
 garbage-first heap   total 193536K, used 172834K [0x0000000082400000, 0x0000000100000000)
  region size 1024K, 39 young (39936K), 6 survivors (6144K)
 Metaspace       used 70787K, committed 71040K, reserved 1114112K
  class space    used 7910K, committed 8000K, reserved 1048576K
}
Event: 110.749 GC heap after
{Heap after GC invocations=45 (full 0):
 garbage-first heap   total 193536K, used 142710K [0x0000000082400000, 0x0000000100000000)
  region size 1024K, 3 young (3072K), 3 survivors (3072K)
 Metaspace       used 70787K, committed 71040K, reserved 1114112K
  class space    used 7910K, committed 8000K, reserved 1048576K
}
Event: 123.391 GC heap before
{Heap before GC invocations=46 (full 0):
 garbage-first heap   total 239616K, used 175478K [0x0000000082400000, 0x0000000100000000)
  region size 1024K, 35 young (35840K), 3 survivors (3072K)
 Metaspace       used 70929K, committed 71168K, reserved 1114112K
  class space    used 7913K, committed 8000K, reserved 1048576K
}
Event: 123.402 GC heap after
{Heap after GC invocations=47 (full 0):
 garbage-first heap   total 239616K, used 147709K [0x0000000082400000, 0x0000000100000000)
  region size 1024K, 5 young (5120K), 5 survivors (5120K)
 Metaspace       used 70929K, committed 71168K, reserved 1114112K
  class space    used 7913K, committed 8000K, reserved 1048576K
}
Event: 129.565 GC heap before
{Heap before GC invocations=47 (full 0):
 garbage-first heap   total 239616K, used 207101K [0x0000000082400000, 0x0000000100000000)
  region size 1024K, 63 young (64512K), 5 survivors (5120K)
 Metaspace       used 71341K, committed 71680K, reserved 1114112K
  class space    used 7930K, committed 8064K, reserved 1048576K
}
Event: 129.578 GC heap after
{Heap after GC invocations=48 (full 0):
 garbage-first heap   total 239616K, used 151095K [0x0000000082400000, 0x0000000100000000)
  region size 1024K, 5 young (5120K), 5 survivors (5120K)
 Metaspace       used 71341K, committed 71680K, reserved 1114112K
  class space    used 7930K, committed 8064K, reserved 1048576K
}
Event: 143.597 GC heap before
{Heap before GC invocations=48 (full 0):
 garbage-first heap   total 239616K, used 215607K [0x0000000082400000, 0x0000000100000000)
  region size 1024K, 68 young (69632K), 5 survivors (5120K)
 Metaspace       used 74673K, committed 75008K, reserved 1179648K
  class space    used 8132K, committed 8256K, reserved 1048576K
}
Event: 143.626 GC heap after
{Heap after GC invocations=49 (full 0):
 garbage-first heap   total 239616K, used 158672K [0x0000000082400000, 0x0000000100000000)
  region size 1024K, 9 young (9216K), 9 survivors (9216K)
 Metaspace       used 74673K, committed 75008K, reserved 1179648K
  class space    used 8132K, committed 8256K, reserved 1048576K
}
Event: 154.025 GC heap before
{Heap before GC invocations=50 (full 0):
 garbage-first heap   total 265216K, used 216016K [0x0000000082400000, 0x0000000100000000)
  region size 1024K, 65 young (66560K), 9 survivors (9216K)
 Metaspace       used 75604K, committed 75904K, reserved 1179648K
  class space    used 8197K, committed 8320K, reserved 1048576K
}
Event: 154.053 GC heap after
{Heap after GC invocations=51 (full 0):
 garbage-first heap   total 265216K, used 166368K [0x0000000082400000, 0x0000000100000000)
  region size 1024K, 7 young (7168K), 7 survivors (7168K)
 Metaspace       used 75604K, committed 75904K, reserved 1179648K
  class space    used 8197K, committed 8320K, reserved 1048576K
}
Event: 161.010 GC heap before
{Heap before GC invocations=51 (full 0):
 garbage-first heap   total 265216K, used 239072K [0x0000000082400000, 0x0000000100000000)
  region size 1024K, 78 young (79872K), 7 survivors (7168K)
 Metaspace       used 83309K, committed 83648K, reserved 1179648K
  class space    used 8864K, committed 9024K, reserved 1048576K
}
Event: 161.040 GC heap after
{Heap after GC invocations=52 (full 0):
 garbage-first heap   total 265216K, used 175996K [0x0000000082400000, 0x0000000100000000)
  region size 1024K, 10 young (10240K), 10 survivors (10240K)
 Metaspace       used 83309K, committed 83648K, reserved 1179648K
  class space    used 8864K, committed 9024K, reserved 1048576K
}
Event: 165.374 GC heap before
{Heap before GC invocations=52 (full 0):
 garbage-first heap   total 265216K, used 240508K [0x0000000082400000, 0x0000000100000000)
  region size 1024K, 73 young (74752K), 10 survivors (10240K)
 Metaspace       used 86264K, committed 86592K, reserved 1179648K
  class space    used 9109K, committed 9216K, reserved 1048576K
}
Event: 165.407 GC heap after
{Heap after GC invocations=53 (full 0):
 garbage-first heap   total 265216K, used 184832K [0x0000000082400000, 0x0000000100000000)
  region size 1024K, 9 young (9216K), 9 survivors (9216K)
 Metaspace       used 86264K, committed 86592K, reserved 1179648K
  class space    used 9109K, committed 9216K, reserved 1048576K
}
Event: 171.518 GC heap before
{Heap before GC invocations=54 (full 0):
 garbage-first heap   total 309248K, used 239104K [0x0000000082400000, 0x0000000100000000)
  region size 1024K, 62 young (63488K), 9 survivors (9216K)
 Metaspace       used 90603K, committed 91008K, reserved 1179648K
  class space    used 9539K, committed 9728K, reserved 1048576K
}
Event: 171.540 GC heap after
{Heap after GC invocations=55 (full 0):
 garbage-first heap   total 309248K, used 187869K [0x0000000082400000, 0x0000000100000000)
  region size 1024K, 4 young (4096K), 4 survivors (4096K)
 Metaspace       used 90603K, committed 91008K, reserved 1179648K
  class space    used 9539K, committed 9728K, reserved 1048576K
}
Event: 185.811 GC heap before
{Heap before GC invocations=55 (full 0):
 garbage-first heap   total 309248K, used 283101K [0x0000000082400000, 0x0000000100000000)
  region size 1024K, 97 young (99328K), 4 survivors (4096K)
 Metaspace       used 99982K, committed 100416K, reserved 1179648K
  class space    used 10401K, committed 10560K, reserved 1048576K
}
Event: 185.845 GC heap after
{Heap after GC invocations=56 (full 0):
 garbage-first heap   total 309248K, used 193278K [0x0000000082400000, 0x0000000100000000)
  region size 1024K, 11 young (11264K), 11 survivors (11264K)
 Metaspace       used 99982K, committed 100416K, reserved 1179648K
  class space    used 10401K, committed 10560K, reserved 1048576K
}

Dll operation events (3 events):
Event: 2.206 Loaded shared library C:\Program Files\Android\Android Studio1\jbr\bin\java.dll
Event: 2.431 Loaded shared library C:\Program Files\Android\Android Studio1\jbr\bin\zip.dll
Event: 33.109 Loaded shared library C:\Program Files\Android\Android Studio1\jbr\bin\verify.dll

Deoptimization events (20 events):
Event: 191.105 Thread 0x000001ff5da5d520 DEOPT PACKING pc=0x000001ff6b4a2200 sp=0x000000f2964fdcb0
Event: 191.105 Thread 0x000001ff5da5d520 DEOPT UNPACKING pc=0x000001ff6a3c46a2 sp=0x000000f2964fdbf8 mode 2
Event: 191.133 Thread 0x000001ff5da5d520 Uncommon trap: trap_request=0xffffff45 fr.pc=0x000001ff6b4d9a70 relative=0x0000000000000b90
Event: 191.133 Thread 0x000001ff5da5d520 Uncommon trap: reason=unstable_if action=reinterpret pc=0x000001ff6b4d9a70 method=org.jetbrains.kotlin.codegen.optimization.common.OptimizationBasicInterpreter.merge(Lorg/jetbrains/org/objectweb/asm/tree/analysis/BasicValue;Lorg/jetbrains/org/objectweb/as
Event: 191.133 Thread 0x000001ff5da5d520 DEOPT PACKING pc=0x000001ff6b4d9a70 sp=0x000000f2964fdda0
Event: 191.133 Thread 0x000001ff5da5d520 DEOPT UNPACKING pc=0x000001ff6a3c46a2 sp=0x000000f2964fdd00 mode 2
Event: 191.158 Thread 0x000001ff5da5d520 Uncommon trap: trap_request=0xffffff45 fr.pc=0x000001ff6b485950 relative=0x00000000000007b0
Event: 191.158 Thread 0x000001ff5da5d520 Uncommon trap: reason=unstable_if action=reinterpret pc=0x000001ff6b485950 method=org.jetbrains.kotlin.codegen.optimization.common.OptimizationBasicInterpreter.merge(Lorg/jetbrains/org/objectweb/asm/tree/analysis/BasicValue;Lorg/jetbrains/org/objectweb/as
Event: 191.158 Thread 0x000001ff5da5d520 DEOPT PACKING pc=0x000001ff6b485950 sp=0x000000f2964fdd40
Event: 191.158 Thread 0x000001ff5da5d520 DEOPT UNPACKING pc=0x000001ff6a3c46a2 sp=0x000000f2964fdc20 mode 2
Event: 191.159 Thread 0x000001ff5da5d520 Uncommon trap: trap_request=0xffffff45 fr.pc=0x000001ff6b4845a0 relative=0x0000000000000720
Event: 191.159 Thread 0x000001ff5da5d520 Uncommon trap: reason=unstable_if action=reinterpret pc=0x000001ff6b4845a0 method=org.jetbrains.kotlin.codegen.optimization.common.OptimizationBasicInterpreter.merge(Lorg/jetbrains/org/objectweb/asm/tree/analysis/BasicValue;Lorg/jetbrains/org/objectweb/as
Event: 191.159 Thread 0x000001ff5da5d520 DEOPT PACKING pc=0x000001ff6b4845a0 sp=0x000000f2964fdd00
Event: 191.159 Thread 0x000001ff5da5d520 DEOPT UNPACKING pc=0x000001ff6a3c46a2 sp=0x000000f2964fdc50 mode 2
Event: 191.737 Thread 0x000001ff5da5d520 DEOPT PACKING pc=0x000001ff67034625 sp=0x000000f2964fdef0
Event: 191.737 Thread 0x000001ff5da5d520 DEOPT UNPACKING pc=0x000001ff6a3c4e42 sp=0x000000f2964fd468 mode 0
Event: 191.738 Thread 0x000001ff5da5d520 DEOPT PACKING pc=0x000001ff67034625 sp=0x000000f2964fdef0
Event: 191.738 Thread 0x000001ff5da5d520 DEOPT UNPACKING pc=0x000001ff6a3c4e42 sp=0x000000f2964fd468 mode 0
Event: 191.823 Thread 0x000001ff5da5d520 DEOPT PACKING pc=0x000001ff66cd60f3 sp=0x000000f2964fdef0
Event: 191.823 Thread 0x000001ff5da5d520 DEOPT UNPACKING pc=0x000001ff6a3c4e42 sp=0x000000f2964fd560 mode 0

Classes loaded (20 events):
Event: 174.071 Loading class sun/security/provider/ByteArrayAccess$LE
Event: 174.072 Loading class sun/security/provider/ByteArrayAccess$LE done
Event: 174.076 Loading class sun/security/provider/ByteArrayAccess
Event: 174.076 Loading class sun/security/provider/ByteArrayAccess done
Event: 174.077 Loading class java/util/Base64
Event: 174.078 Loading class java/util/Base64 done
Event: 174.078 Loading class java/util/Base64$Encoder
Event: 174.079 Loading class java/util/Base64$Encoder done
Event: 174.080 Loading class java/util/IdentityHashMap$EntrySet
Event: 174.081 Loading class java/util/IdentityHashMap$EntrySet done
Event: 174.081 Loading class java/util/IdentityHashMap$EntryIterator
Event: 174.081 Loading class java/util/IdentityHashMap$IdentityHashMapIterator
Event: 174.081 Loading class java/util/IdentityHashMap$IdentityHashMapIterator done
Event: 174.081 Loading class java/util/IdentityHashMap$EntryIterator done
Event: 174.082 Loading class java/util/IdentityHashMap$EntryIterator$Entry
Event: 174.082 Loading class java/util/IdentityHashMap$EntryIterator$Entry done
Event: 182.267 Loading class java/lang/TypeNotPresentException
Event: 182.270 Loading class java/lang/TypeNotPresentException done
Event: 182.963 Loading class java/util/Vector$Itr
Event: 182.964 Loading class java/util/Vector$Itr done

Classes unloaded (0 events):
No events

Classes redefined (0 events):
No events

Internal exceptions (20 events):
Event: 174.874 Thread 0x000001ff5da5d520 Exception <a 'java/lang/NoSuchMethodError'{0x000000009456f110}: 'java.lang.Object java.lang.invoke.DirectMethodHandle$Holder.newInvokeSpecial(java.lang.Object, java.lang.Object, java.lang.Object, java.lang.Object, java.lang.Object, int, int)'> (0x000000009456f110) 
thrown [s\src\hotspot\share\interpreter\linkResolver.cpp, line 784]
Event: 174.875 Thread 0x000001ff5da5d520 Exception <a 'java/lang/NoSuchMethodError'{0x0000000094576c68}: 'java.lang.Object java.lang.invoke.Invokers$Holder.linkToTargetMethod(java.lang.Object, java.lang.Object, java.lang.Object, java.lang.Object, int, int, java.lang.Object)'> (0x0000000094576c68) 
thrown [s\src\hotspot\share\interpreter\linkResolver.cpp, line 784]
Event: 175.839 Thread 0x000001ff5da5d520 Implicit null exception at 0x000001ff6b2815f0 to 0x000001ff6b281e98
Event: 176.443 Thread 0x000001ff5da5d520 Exception <a 'java/lang/NoSuchMethodError'{0x0000000093c93928}: 'java.lang.Object java.lang.invoke.DirectMethodHandle$Holder.newInvokeSpecial(java.lang.Object, java.lang.Object, java.lang.Object, java.lang.Object, java.lang.Object, java.lang.Object, int, java.lang.Object)'> (0x0000000093c93928) 
thrown [s\src\hotspot\share\interpreter\linkResolver.cpp, line 784]
Event: 176.444 Thread 0x000001ff5da5d520 Exception <a 'java/lang/NoSuchMethodError'{0x0000000093c98098}: 'java.lang.Object java.lang.invoke.DirectMethodHandle$Holder.invokeSpecial(java.lang.Object, java.lang.Object, java.lang.Object, java.lang.Object, java.lang.Object, java.lang.Object, java.lang.Object, int, java.lang.Object)'> (0x0000000093c98098) 
thrown [s\src\hotspot\share\interpreter\linkResolver.cpp, line 784]
Event: 176.444 Thread 0x000001ff5da5d520 Exception <a 'java/lang/NoSuchMethodError'{0x0000000093c9bfc0}: 'java.lang.Object java.lang.invoke.Invokers$Holder.linkToTargetMethod(java.lang.Object, java.lang.Object, java.lang.Object, java.lang.Object, java.lang.Object, int, java.lang.Object, java.lang.Object)'> (0x0000000093c9bfc0) 
thrown [s\src\hotspot\share\interpreter\linkResolver.cpp, line 784]
Event: 177.297 Thread 0x000001ff5da5d520 Exception <a 'java/lang/NoSuchMethodError'{0x0000000093778178}: 'java.lang.Object java.lang.invoke.DirectMethodHandle$Holder.newInvokeSpecial(java.lang.Object, java.lang.Object, int, java.lang.Object)'> (0x0000000093778178) 
thrown [s\src\hotspot\share\interpreter\linkResolver.cpp, line 784]
Event: 177.298 Thread 0x000001ff5da5d520 Exception <a 'java/lang/NoSuchMethodError'{0x000000009377c7b0}: 'java.lang.Object java.lang.invoke.DirectMethodHandle$Holder.invokeSpecial(java.lang.Object, java.lang.Object, java.lang.Object, int, java.lang.Object)'> (0x000000009377c7b0) 
thrown [s\src\hotspot\share\interpreter\linkResolver.cpp, line 784]
Event: 177.299 Thread 0x000001ff5da5d520 Exception <a 'java/lang/NoSuchMethodError'{0x0000000093780950}: 'java.lang.Object java.lang.invoke.Invokers$Holder.linkToTargetMethod(java.lang.Object, int, java.lang.Object, java.lang.Object)'> (0x0000000093780950) 
thrown [s\src\hotspot\share\interpreter\linkResolver.cpp, line 784]
Event: 177.431 Thread 0x000001ff5da5d520 Exception <a 'java/lang/NoSuchMethodError'{0x0000000093661b38}: 'java.lang.Object java.lang.invoke.DirectMethodHandle$Holder.newInvokeSpecial(java.lang.Object, java.lang.Object, java.lang.Object, java.lang.Object, int, int, int, java.lang.Object)'> (0x0000000093661b38) 
thrown [s\src\hotspot\share\interpreter\linkResolver.cpp, line 784]
Event: 178.492 Thread 0x000001ff5da5d520 Implicit null exception at 0x000001ff6b30d9c0 to 0x000001ff6b30e2b8
Event: 181.909 Thread 0x000001ff5da5d520 Exception <a 'java/lang/NoSuchMethodError'{0x00000000905181d8}: 'java.lang.Object java.lang.invoke.DirectMethodHandle$Holder.invokeStaticInit(java.lang.Object, java.lang.Object, int, java.lang.Object)'> (0x00000000905181d8) 
thrown [s\src\hotspot\share\interpreter\linkResolver.cpp, line 784]
Event: 182.529 Thread 0x000001ff5da5d520 Exception <a 'java/lang/NoSuchMethodError'{0x00000000900b8b50}: 'java.lang.Object java.lang.invoke.DirectMethodHandle$Holder.invokeStatic(java.lang.Object, int, int)'> (0x00000000900b8b50) 
thrown [s\src\hotspot\share\interpreter\linkResolver.cpp, line 784]
Event: 182.808 Thread 0x000001ff5da5d520 Exception <a 'java/lang/NoSuchMethodError'{0x000000008fdffcf0}: 'java.lang.Object java.lang.invoke.DirectMethodHandle$Holder.newInvokeSpecial(java.lang.Object, java.lang.Object, java.lang.Object, java.lang.Object, java.lang.Object, int, java.lang.Object)'> (0x000000008fdffcf0) 
thrown [s\src\hotspot\share\interpreter\linkResolver.cpp, line 784]
Event: 182.808 Thread 0x000001ff5da5d520 Exception <a 'java/lang/NoSuchMethodError'{0x000000008fc04100}: 'java.lang.Object java.lang.invoke.DirectMethodHandle$Holder.invokeSpecial(java.lang.Object, java.lang.Object, java.lang.Object, java.lang.Object, java.lang.Object, java.lang.Object, int, java.lang.Object)'> (0x000000008fc04100) 
thrown [s\src\hotspot\share\interpreter\linkResolver.cpp, line 784]
Event: 182.809 Thread 0x000001ff5da5d520 Exception <a 'java/lang/NoSuchMethodError'{0x000000008fc07870}: 'java.lang.Object java.lang.invoke.Invokers$Holder.linkToTargetMethod(java.lang.Object, java.lang.Object, java.lang.Object, java.lang.Object, int, java.lang.Object, java.lang.Object)'> (0x000000008fc07870) 
thrown [s\src\hotspot\share\interpreter\linkResolver.cpp, line 784]
Event: 182.953 Thread 0x000001ff5da5d520 Exception <a 'java/lang/NoSuchMethodError'{0x000000008fb09838}: 'java.lang.Object java.lang.invoke.DirectMethodHandle$Holder.invokeStatic(java.lang.Object, java.lang.Object, java.lang.Object, int, java.lang.Object, java.lang.Object, java.lang.Object, java.lang.Object)'> (0x000000008fb09838) 
thrown [s\src\hotspot\share\interpreter\linkResolver.cpp, line 784]
Event: 183.208 Thread 0x000001ff5da5d520 Exception <a 'java/lang/NoSuchMethodError'{0x000000008f91c818}: 'java.lang.Object java.lang.invoke.DirectMethodHandle$Holder.newInvokeSpecial(java.lang.Object, int, int, java.lang.Object)'> (0x000000008f91c818) 
thrown [s\src\hotspot\share\interpreter\linkResolver.cpp, line 784]
Event: 183.209 Thread 0x000001ff5da5d520 Exception <a 'java/lang/NoSuchMethodError'{0x000000008f920858}: 'java.lang.Object java.lang.invoke.DirectMethodHandle$Holder.invokeSpecial(java.lang.Object, java.lang.Object, int, int, java.lang.Object)'> (0x000000008f920858) 
thrown [s\src\hotspot\share\interpreter\linkResolver.cpp, line 784]
Event: 183.209 Thread 0x000001ff5da5d520 Exception <a 'java/lang/NoSuchMethodError'{0x000000008f923f08}: 'java.lang.Object java.lang.invoke.Invokers$Holder.linkToTargetMethod(int, int, java.lang.Object, java.lang.Object)'> (0x000000008f923f08) 
thrown [s\src\hotspot\share\interpreter\linkResolver.cpp, line 784]

ZGC Phase Switch (0 events):
No events

VM Operations (20 events):
Event: 186.472 Executing VM operation: ICBufferFull
Event: 186.472 Executing VM operation: ICBufferFull done
Event: 186.674 Executing VM operation: HandshakeAllThreads (Deoptimize)
Event: 186.674 Executing VM operation: HandshakeAllThreads (Deoptimize) done
Event: 186.775 Executing VM operation: HandshakeAllThreads (Deoptimize)
Event: 186.775 Executing VM operation: HandshakeAllThreads (Deoptimize) done
Event: 186.912 Executing VM operation: ICBufferFull
Event: 186.912 Executing VM operation: ICBufferFull done
Event: 187.924 Executing VM operation: Cleanup
Event: 187.924 Executing VM operation: Cleanup done
Event: 188.382 Executing VM operation: ICBufferFull
Event: 188.383 Executing VM operation: ICBufferFull done
Event: 189.395 Executing VM operation: Cleanup
Event: 189.427 Executing VM operation: Cleanup done
Event: 190.167 Executing VM operation: ICBufferFull
Event: 190.167 Executing VM operation: ICBufferFull done
Event: 190.668 Executing VM operation: ICBufferFull
Event: 190.669 Executing VM operation: ICBufferFull done
Event: 191.683 Executing VM operation: Cleanup
Event: 191.697 Executing VM operation: Cleanup done

Memory protections (0 events):
No events

Nmethod flushes (20 events):
Event: 165.986 Thread 0x000001ff76aa0bc0 flushing  nmethod 0x000001ff64d59810
Event: 165.986 Thread 0x000001ff76aa0bc0 flushing  nmethod 0x000001ff64dd6510
Event: 165.986 Thread 0x000001ff76aa0bc0 flushing  nmethod 0x000001ff64e6b010
Event: 165.986 Thread 0x000001ff76aa0bc0 flushing  nmethod 0x000001ff64e6cd90
Event: 165.986 Thread 0x000001ff76aa0bc0 flushing  nmethod 0x000001ff64e6ee10
Event: 165.986 Thread 0x000001ff76aa0bc0 flushing  nmethod 0x000001ff64e73310
Event: 165.986 Thread 0x000001ff76aa0bc0 flushing  nmethod 0x000001ff64e77790
Event: 165.986 Thread 0x000001ff76aa0bc0 flushing  nmethod 0x000001ff64e7a110
Event: 165.986 Thread 0x000001ff76aa0bc0 flushing  nmethod 0x000001ff64e7b710
Event: 165.986 Thread 0x000001ff76aa0bc0 flushing  nmethod 0x000001ff64e7e010
Event: 165.986 Thread 0x000001ff76aa0bc0 flushing  nmethod 0x000001ff64e7f290
Event: 165.986 Thread 0x000001ff76aa0bc0 flushing  nmethod 0x000001ff64f3eb10
Event: 165.986 Thread 0x000001ff76aa0bc0 flushing  nmethod 0x000001ff64f3ff10
Event: 165.986 Thread 0x000001ff76aa0bc0 flushing  nmethod 0x000001ff64fc9890
Event: 165.986 Thread 0x000001ff76aa0bc0 flushing  nmethod 0x000001ff6515e090
Event: 165.986 Thread 0x000001ff76aa0bc0 flushing  nmethod 0x000001ff6515f910
Event: 165.986 Thread 0x000001ff76aa0bc0 flushing  nmethod 0x000001ff652e2b10
Event: 165.986 Thread 0x000001ff76aa0bc0 flushing  nmethod 0x000001ff652efe90
Event: 165.986 Thread 0x000001ff76aa0bc0 flushing  nmethod 0x000001ff652f3490
Event: 165.986 Thread 0x000001ff76aa0bc0 flushing  nmethod 0x000001ff65512f90

Events (17 events):
Event: 2.337 Thread 0x000001ff5da5d520 Thread added: 0x000001ff5da5d520
Event: 4.093 Thread 0x000001ff5da5d520 Thread added: 0x000001ff76c0c680
Event: 4.389 Thread 0x000001ff5da5d520 Thread added: 0x000001ff76c25050
Event: 4.389 Thread 0x000001ff5da5d520 Thread added: 0x000001ff76c27ac0
Event: 4.393 Thread 0x000001ff5da5d520 Thread added: 0x000001ff76c31a40
Event: 4.393 Thread 0x000001ff5da5d520 Thread added: 0x000001ff76c324a0
Event: 4.393 Thread 0x000001ff5da5d520 Thread added: 0x000001ff76c32f00
Event: 4.393 Thread 0x000001ff5da5d520 Thread added: 0x000001ff76c33960
Event: 4.394 Thread 0x000001ff5da5d520 Thread added: 0x000001ff76c37710
Event: 4.475 Thread 0x000001ff5da5d520 Thread added: 0x000001ff76caa650
Event: 5.407 Thread 0x000001ff5da5d520 Thread added: 0x000001ff76dd39f0
Event: 5.785 Loaded shared library C:\Program Files\Android\Android Studio1\jbr\bin\net.dll
Event: 5.795 Loaded shared library C:\Program Files\Android\Android Studio1\jbr\bin\nio.dll
Event: 6.081 Loaded shared library C:\Program Files\Android\Android Studio1\jbr\bin\zip.dll
Event: 6.524 Loaded shared library C:\Program Files\Android\Android Studio1\jbr\bin\jimage.dll
Event: 14.641 Loaded shared library C:\Program Files\Android\Android Studio1\jbr\bin\management.dll
Event: 14.951 Loaded shared library C:\Program Files\Android\Android Studio1\jbr\bin\management_ext.dll


Dynamic libraries:
0x00007ff72c6c0000 - 0x00007ff72c6ca000 	C:\Program Files\Android\Android Studio1\jbr\bin\java.exe
0x00007ff8f3ad0000 - 0x00007ff8f3cc8000 	C:\WINDOWS\SYSTEM32\ntdll.dll
0x00007ff8f36b0000 - 0x00007ff8f3772000 	C:\WINDOWS\System32\KERNEL32.DLL
0x00007ff8f1360000 - 0x00007ff8f165e000 	C:\WINDOWS\System32\KERNELBASE.dll
0x00007ff8f19f0000 - 0x00007ff8f1af0000 	C:\WINDOWS\System32\ucrtbase.dll
0x00007ff8d8a10000 - 0x00007ff8d8a28000 	C:\Program Files\Android\Android Studio1\jbr\bin\jli.dll
0x00007ff8f2d20000 - 0x00007ff8f2ebd000 	C:\WINDOWS\System32\USER32.dll
0x00007ff8f1290000 - 0x00007ff8f12b2000 	C:\WINDOWS\System32\win32u.dll
0x00007ff8f1c30000 - 0x00007ff8f1c5b000 	C:\WINDOWS\System32\GDI32.dll
0x00007ff8f1170000 - 0x00007ff8f1287000 	C:\WINDOWS\System32\gdi32full.dll
0x00007ff8f17a0000 - 0x00007ff8f183d000 	C:\WINDOWS\System32\msvcp_win.dll
0x00007ff8ea5d0000 - 0x00007ff8ea5eb000 	C:\Program Files\Android\Android Studio1\jbr\bin\VCRUNTIME140.dll
0x00007ff8dc760000 - 0x00007ff8dc9fa000 	C:\WINDOWS\WinSxS\amd64_microsoft.windows.common-controls_6595b64144ccf1df_6.0.19041.4355_none_60b8b9eb71f62e16\COMCTL32.dll
0x00007ff8f39f0000 - 0x00007ff8f3a8e000 	C:\WINDOWS\System32\msvcrt.dll
0x00007ff8f2f20000 - 0x00007ff8f2f4f000 	C:\WINDOWS\System32\IMM32.DLL
0x00007ff8ecf10000 - 0x00007ff8ecf1c000 	C:\Program Files\Android\Android Studio1\jbr\bin\vcruntime140_1.dll
0x00007ff8b2720000 - 0x00007ff8b27ad000 	C:\Program Files\Android\Android Studio1\jbr\bin\msvcp140.dll
0x00007ff873fe0000 - 0x00007ff874c6e000 	C:\Program Files\Android\Android Studio1\jbr\bin\server\jvm.dll
0x00007ff8f1da0000 - 0x00007ff8f1e51000 	C:\WINDOWS\System32\ADVAPI32.dll
0x00007ff8f2400000 - 0x00007ff8f249f000 	C:\WINDOWS\System32\sechost.dll
0x00007ff8f3780000 - 0x00007ff8f38a3000 	C:\WINDOWS\System32\RPCRT4.dll
0x00007ff8f1330000 - 0x00007ff8f1357000 	C:\WINDOWS\System32\bcrypt.dll
0x00007ff8f2250000 - 0x00007ff8f22bb000 	C:\WINDOWS\System32\WS2_32.dll
0x00007ff8f0fd0000 - 0x00007ff8f101b000 	C:\WINDOWS\SYSTEM32\POWRPROF.dll
0x00007ff8dd980000 - 0x00007ff8dd9a7000 	C:\WINDOWS\SYSTEM32\WINMM.dll
0x00007ff8ea9d0000 - 0x00007ff8ea9da000 	C:\WINDOWS\SYSTEM32\VERSION.dll
0x00007ff8f0fb0000 - 0x00007ff8f0fc2000 	C:\WINDOWS\SYSTEM32\UMPDC.dll
0x00007ff8ef950000 - 0x00007ff8ef962000 	C:\WINDOWS\SYSTEM32\kernel.appcore.dll
0x00007ff8ebec0000 - 0x00007ff8ebeca000 	C:\Program Files\Android\Android Studio1\jbr\bin\jimage.dll
0x00007ff8e8dd0000 - 0x00007ff8e8fb4000 	C:\WINDOWS\SYSTEM32\DBGHELP.DLL
0x00007ff8cf0f0000 - 0x00007ff8cf124000 	C:\WINDOWS\SYSTEM32\dbgcore.DLL
0x00007ff8f1660000 - 0x00007ff8f16e2000 	C:\WINDOWS\System32\bcryptPrimitives.dll
0x00007ff8ea5b0000 - 0x00007ff8ea5d0000 	C:\Program Files\Android\Android Studio1\jbr\bin\java.dll
0x00007ff8ea350000 - 0x00007ff8ea368000 	C:\Program Files\Android\Android Studio1\jbr\bin\zip.dll
0x00007ff8f24a0000 - 0x00007ff8f2c0d000 	C:\WINDOWS\System32\SHELL32.dll
0x00007ff8ef160000 - 0x00007ff8ef904000 	C:\WINDOWS\SYSTEM32\windows.storage.dll
0x00007ff8f1ef0000 - 0x00007ff8f2243000 	C:\WINDOWS\System32\combase.dll
0x00007ff8f09f0000 - 0x00007ff8f0a1e000 	C:\WINDOWS\SYSTEM32\Wldp.dll
0x00007ff8f1b00000 - 0x00007ff8f1bcd000 	C:\WINDOWS\System32\OLEAUT32.dll
0x00007ff8f2c10000 - 0x00007ff8f2cbd000 	C:\WINDOWS\System32\SHCORE.dll
0x00007ff8f2cc0000 - 0x00007ff8f2d15000 	C:\WINDOWS\System32\shlwapi.dll
0x00007ff8f10a0000 - 0x00007ff8f10c4000 	C:\WINDOWS\SYSTEM32\profapi.dll
0x00007ff8eb530000 - 0x00007ff8eb540000 	C:\Program Files\Android\Android Studio1\jbr\bin\net.dll
0x00007ff8ef000000 - 0x00007ff8ef10d000 	C:\WINDOWS\SYSTEM32\WINHTTP.dll
0x00007ff8f07d0000 - 0x00007ff8f083a000 	C:\WINDOWS\system32\mswsock.dll
0x00007ff8ea330000 - 0x00007ff8ea346000 	C:\Program Files\Android\Android Studio1\jbr\bin\nio.dll
0x00007ff8ea4f0000 - 0x00007ff8ea4f9000 	C:\Program Files\Android\Android Studio1\jbr\bin\management.dll
0x00007ff8ea320000 - 0x00007ff8ea32b000 	C:\Program Files\Android\Android Studio1\jbr\bin\management_ext.dll
0x00007ff8f1af0000 - 0x00007ff8f1af8000 	C:\WINDOWS\System32\PSAPI.DLL
0x00007ff8deb60000 - 0x00007ff8deb70000 	C:\Program Files\Android\Android Studio1\jbr\bin\verify.dll

dbghelp: loaded successfully - version: 4.0.5 - missing functions: none
symbol engine: initialized successfully - sym options: 0x614 - pdb path: .;C:\Program Files\Android\Android Studio1\jbr\bin;C:\WINDOWS\SYSTEM32;C:\WINDOWS\WinSxS\amd64_microsoft.windows.common-controls_6595b64144ccf1df_6.0.19041.4355_none_60b8b9eb71f62e16;C:\Program Files\Android\Android Studio1\jbr\bin\server

VM Arguments:
java_command: org.jetbrains.kotlin.cli.jvm.K2JVMCompiler @C:\Users\PC-1\ChickCare-Thesis\ChickCare\app\build\20251027_3429148109418588018.compiler.options
java_class_path (initial): C:\Users\PC-1\.gradle\caches\modules-2\files-2.1\org.jetbrains.kotlin\kotlin-compiler-embeddable\2.2.20\bb8331b7585e36ea311825b01a1c06860c055fd1\kotlin-compiler-embeddable-2.2.20.jar;C:\Users\PC-1\.gradle\caches\modules-2\files-2.1\org.jetbrains.kotlin\kotlin-stdlib\2.2.20\5380b19fa1924399b62ce3a1faffebb2b4f82272\kotlin-stdlib-2.2.20.jar;C:\Users\PC-1\.gradle\caches\modules-2\files-2.1\org.jetbrains.kotlin\kotlin-script-runtime\2.2.20\4c679cbeac0bb583b75c3a080013da8eaf240807\kotlin-script-runtime-2.2.20.jar;C:\Users\PC-1\.gradle\caches\modules-2\files-2.1\org.jetbrains.kotlin\kotlin-reflect\1.6.10\1cbe9c92c12a94eea200d23c2bbaedaf3daf5132\kotlin-reflect-1.6.10.jar;C:\Users\PC-1\.gradle\caches\modules-2\files-2.1\org.jetbrains.kotlin\kotlin-daemon-embeddable\2.2.20\feff12d48d7f1eb628742b0a721395e16f8755bf\kotlin-daemon-embeddable-2.2.20.jar;C:\Users\PC-1\.gradle\caches\modules-2\files-2.1\org.jetbrains.kotlinx\kotlinx-coroutines-core-jvm\1.8.0\ac1dc37a30a93150b704022f8d895ee1bd3a36b3\kotlinx-coroutines-core-jvm-1.8.0.jar;C:\Users\PC-1\.gradle\caches\modules-2\files-2.1\org.jetbrains\annotations\13.0\919f0dfe192fb4e063e7dacadee7f8bb9a2672a9\annotations-13.0.jar
Launcher Type: SUN_STANDARD

[Global flags]
     intx CICompilerCount                          = 3                                         {product} {ergonomic}
     uint ConcGCThreads                            = 1                                         {product} {ergonomic}
     uint G1ConcRefinementThreads                  = 4                                         {product} {ergonomic}
   size_t G1HeapRegionSize                         = 1048576                                   {product} {ergonomic}
    uintx GCDrainStackTargetSize                   = 64                                        {product} {ergonomic}
   size_t InitialHeapSize                          = 132120576                                 {product} {ergonomic}
   size_t MarkStackSize                            = 4194304                                   {product} {ergonomic}
   size_t MaxHeapSize                              = 2109734912                                {product} {ergonomic}
   size_t MaxNewSize                               = 1265631232                                {product} {ergonomic}
   size_t MinHeapDeltaBytes                        = 1048576                                   {product} {ergonomic}
   size_t MinHeapSize                              = 8388608                                   {product} {ergonomic}
    uintx NonNMethodCodeHeapSize                   = 5832780                                {pd product} {ergonomic}
    uintx NonProfiledCodeHeapSize                  = 122912730                              {pd product} {ergonomic}
    uintx ProfiledCodeHeapSize                     = 122912730                              {pd product} {ergonomic}
    uintx ReservedCodeCacheSize                    = 251658240                              {pd product} {ergonomic}
     bool SegmentedCodeCache                       = true                                      {product} {ergonomic}
   size_t SoftMaxHeapSize                          = 2109734912                             {manageable} {ergonomic}
     bool UseCompressedOops                        = true                           {product lp64_product} {ergonomic}
     bool UseG1GC                                  = true                                      {product} {ergonomic}
     bool UseLargePagesIndividualAllocation        = false                                  {pd product} {ergonomic}

Logging:
Log output configuration:
 #0: stdout all=warning uptime,level,tags foldmultilines=false
 #1: stderr all=off uptime,level,tags foldmultilines=false

Environment Variables:
JAVA_HOME=C:\Program Files\Android\Android Studio1\jbr
PATH=C:\WINDOWS\system32;C:\WINDOWS;C:\WINDOWS\System32\Wbem;C:\WINDOWS\System32\WindowsPowerShell\v1.0\;C:\WINDOWS\System32\OpenSSH\;C:\Program Files\Git\cmd;C:\Program Files\Android\Android Studio1\jbr\bin;C:\xampp\php;C:\Program Files\nodejs\;C:\Users\PC-1\AppData\Local\Programs\Python\Launcher\;C:\Users\PC-1\AppData\Local\Microsoft\WindowsApps;C:\Users\PC-1\AppData\Local\Programs\Microsoft VS Code\bin;C:\Program Files\JetBrains\PyCharm Community Edition 2022.3.2\bin;;C:\Users\PC-1\AppData\Local\Programs\cursor\resources\app\bin;C:\Users\PC-1\AppData\Roaming\npm
USERNAME=PC-1
OS=Windows_NT
PROCESSOR_IDENTIFIER=Intel64 Family 6 Model 78 Stepping 3, GenuineIntel
TMP=C:\Users\PC-1\AppData\Local\Temp
TEMP=C:\Users\PC-1\AppData\Local\Temp




Periodic native trim disabled

JNI global refs:
JNI global refs: 10, weak refs: 4

JNI global refs memory usage: 835, weak refs: 833

Process memory usage:
Resident Set Size: 526440K (6% of 8240772K total physical memory with 26804K free physical memory)

OOME stack traces (most recent first):
Classloader memory used:
Loader jdk.internal.loader.ClassLoaders$AppClassLoader                                 : 86563K
Loader bootstrap                                                                       : 12388K
Loader java.net.URLClassLoader                                                         : 2691K

---------------  S Y S T E M  ---------------

OS:
 Windows 10 , 64 bit Build 19041 (10.0.19041.5198)
OS uptime: 1 days 3:02 hours
Hyper-V role detected

CPU: total 4 (initial active 4) (2 cores per cpu, 2 threads per core) family 6 model 78 stepping 3 microcode 0xcc, cx8, cmov, fxsr, ht, mmx, 3dnowpref, sse, sse2, sse3, ssse3, sse4.1, sse4.2, popcnt, lzcnt, tsc, tscinvbit, avx, avx2, aes, erms, clmul, bmi1, bmi2, rtm, adx, fma, vzeroupper, clflush, clflushopt, hv, rdtscp, f16c
Processor Information for the first 4 processors :
  Max Mhz: 2496, Current Mhz: 2396, Mhz Limit: 2396

Memory: 4k page, system-wide physical 8047M (17M free)
TotalPageFile size 16443M (AvailPageFile size 5M)
current process WorkingSet (physical memory assigned to process): 512M, peak: 543M
current process commit charge ("private bytes"): 633M, peak: 638M

vm_info: OpenJDK 64-Bit Server VM (21.0.7+-13880790-b1038.58) for windows-amd64 JRE (21.0.7+-13880790-b1038.58), built on 2025-08-04T20:56:21Z by "builder" with MS VC++ 16.10 / 16.11 (VS2019)

END.
